2024-10-03 21:26:58,535 [INFO] Activator:177 - 


2024-10-03 21:26:58,536 [INFO] Activator:178 - !SESSION log4j initialized
2024-10-03 21:27:33,851 [INFO] McuFinderGlobals:39 - Set McuFinder mode to 2 (CubeIDE integrated)
2024-10-03 21:27:33,998 [INFO] ApplicationProperties:181 - Using Application install path: C:\ST\STM32CubeIDE_1.7.0\STM32CubeIDE\plugins\com.st.stm32cube.common.mx_6.3.0.202107141111
2024-10-03 21:27:34,010 [INFO] DbMcusXml:74 - Set database path to: C:\ST\STM32CubeIDE_1.7.0\STM32CubeIDE\plugins\com.st.stm32cube.common.mx_6.3.0.202107141111\\db\/mcu/
2024-10-03 21:27:34,012 [INFO] DbBoardsPdsc:56 - Set plugin database path to: C:\ST\STM32CubeIDE_1.7.0\STM32CubeIDE\plugins\com.st.stm32cube.common.mx_6.3.0.202107141111\\db\/plugins/boardmanager/
2024-10-03 21:27:34,013 [INFO] DbMcus:258 - Set plugin images path to: C:\ST\STM32CubeIDE_1.7.0\STM32CubeIDE\plugins\com.st.stm32cube.common.mx_6.3.0.202107141111\\db\/plugins/mcufinder/images/
2024-10-03 21:27:34,013 [INFO] DbBoards:264 - Set plugin images path to: C:\ST\STM32CubeIDE_1.7.0\STM32CubeIDE\plugins\com.st.stm32cube.common.mx_6.3.0.202107141111\\db\/plugins/mcufinder/images/
2024-10-03 21:27:34,016 [INFO] DbExamples:333 - Set plugin images path to: C:\ST\STM32CubeIDE_1.7.0\STM32CubeIDE\plugins\com.st.stm32cube.common.mx_6.3.0.202107141111\\db\/plugins/mcufinder/images/
2024-10-03 21:27:34,021 [INFO] DbMcusAds:119 - Set database path to: C:\Users\TIEN DUY\.stmcufinder\plugins\mcufinder//mcu/
2024-10-03 21:27:34,022 [INFO] DbMcusDocs:110 - Set database path to: C:\Users\TIEN DUY\.stmcufinder\plugins\mcufinder//mcu/
2024-10-03 21:27:34,024 [INFO] DbMcusJson:64 - Set database path to: C:\Users\TIEN DUY\.stmcufinder\plugins\mcufinder//mcu/
2024-10-03 21:27:34,024 [INFO] DbBoardsDocs:110 - Set database path to: C:\Users\TIEN DUY\.stmcufinder\plugins\mcufinder//mcu/
2024-10-03 21:27:34,025 [INFO] DbBoardsJson:57 - Set database path to: C:\Users\TIEN DUY\.stmcufinder\plugins\mcufinder//mcu/
2024-10-03 21:27:34,122 [INFO] CrossReferenceDbSqlite:196 - Set database path to: C:\Users\TIEN DUY\.stmcufinder\plugins\mcufinder//mcu/cs/
2024-10-03 21:27:34,131 [INFO] DbExamplesSqlite:767 - Set database path to: C:\Users\TIEN DUY\.stmcufinder\plugins\mcufinder//mcu/
2024-10-03 21:27:34,203 [INFO] RulesReader:57 - Compatibility file has been processed (242 Rules)
2024-10-03 21:27:34,281 [INFO] DbMcusXml:74 - Set database path to: C:\ST\STM32CubeIDE_1.7.0\STM32CubeIDE\plugins\com.st.stm32cube.common.mx_6.3.0.202107141111\\db\/mcu/
2024-10-03 21:27:34,282 [INFO] DbBoardsPdsc:56 - Set plugin database path to: C:\ST\STM32CubeIDE_1.7.0\STM32CubeIDE\plugins\com.st.stm32cube.common.mx_6.3.0.202107141111\\db\/plugins/boardmanager/
2024-10-03 21:27:34,282 [INFO] DbMcus:258 - Set plugin images path to: C:\ST\STM32CubeIDE_1.7.0\STM32CubeIDE\plugins\com.st.stm32cube.common.mx_6.3.0.202107141111\\db\/plugins/mcufinder/images/
2024-10-03 21:27:34,282 [INFO] DbBoards:264 - Set plugin images path to: C:\ST\STM32CubeIDE_1.7.0\STM32CubeIDE\plugins\com.st.stm32cube.common.mx_6.3.0.202107141111\\db\/plugins/mcufinder/images/
2024-10-03 21:27:34,283 [INFO] DbExamples:333 - Set plugin images path to: C:\ST\STM32CubeIDE_1.7.0\STM32CubeIDE\plugins\com.st.stm32cube.common.mx_6.3.0.202107141111\\db\/plugins/mcufinder/images/
2024-10-03 21:27:34,283 [WARN] DbFile:35 - Overriding database path with different value: C:\Users\TIEN DUY\.stmcufinder\plugins\mcufinder/ => C:\Users\TIEN DUY\.stmcufinder\plugins\mcufinder
2024-10-03 21:27:34,283 [INFO] DbMcusAds:119 - Set database path to: C:\Users\TIEN DUY\.stmcufinder\plugins\mcufinder//mcu/
2024-10-03 21:27:34,283 [WARN] DbFile:35 - Overriding database path with different value: C:\Users\TIEN DUY\.stmcufinder\plugins\mcufinder/ => C:\Users\TIEN DUY\.stmcufinder\plugins\mcufinder
2024-10-03 21:27:34,283 [INFO] DbMcusDocs:110 - Set database path to: C:\Users\TIEN DUY\.stmcufinder\plugins\mcufinder//mcu/
2024-10-03 21:27:34,283 [WARN] DbFile:35 - Overriding database path with different value: C:\Users\TIEN DUY\.stmcufinder\plugins\mcufinder/ => C:\Users\TIEN DUY\.stmcufinder\plugins\mcufinder
2024-10-03 21:27:34,283 [INFO] DbMcusJson:64 - Set database path to: C:\Users\TIEN DUY\.stmcufinder\plugins\mcufinder//mcu/
2024-10-03 21:27:34,283 [WARN] DbFile:35 - Overriding database path with different value: C:\Users\TIEN DUY\.stmcufinder\plugins\mcufinder/ => C:\Users\TIEN DUY\.stmcufinder\plugins\mcufinder
2024-10-03 21:27:34,283 [INFO] DbBoardsDocs:110 - Set database path to: C:\Users\TIEN DUY\.stmcufinder\plugins\mcufinder//mcu/
2024-10-03 21:27:34,283 [WARN] DbFile:35 - Overriding database path with different value: C:\Users\TIEN DUY\.stmcufinder\plugins\mcufinder/ => C:\Users\TIEN DUY\.stmcufinder\plugins\mcufinder
2024-10-03 21:27:34,283 [INFO] DbBoardsJson:57 - Set database path to: C:\Users\TIEN DUY\.stmcufinder\plugins\mcufinder//mcu/
2024-10-03 21:27:34,283 [WARN] DbFile:35 - Overriding database path with different value: C:\Users\TIEN DUY\.stmcufinder\plugins\mcufinder/ => C:\Users\TIEN DUY\.stmcufinder\plugins\mcufinder
2024-10-03 21:27:34,283 [WARN] DbFile:35 - Overriding database path with different value: C:\Users\TIEN DUY\.stmcufinder\plugins\mcufinder/ => C:\Users\TIEN DUY\.stmcufinder\plugins\mcufinder
2024-10-03 21:27:34,283 [INFO] CrossReferenceDbSqlite:196 - Set database path to: C:\Users\TIEN DUY\.stmcufinder\plugins\mcufinder//mcu/cs/
2024-10-03 21:27:34,284 [WARN] DbFile:35 - Overriding database path with different value: C:\Users\TIEN DUY\.stmcufinder\plugins\mcufinder/ => C:\Users\TIEN DUY\.stmcufinder\plugins\mcufinder
2024-10-03 21:27:34,284 [INFO] DbExamplesSqlite:767 - Set database path to: C:\Users\TIEN DUY\.stmcufinder\plugins\mcufinder//mcu/
2024-10-03 21:27:34,337 [INFO] MainPanel:214 - HeapMemory: 268435456
2024-10-03 21:27:34,411 [INFO] DbMcusXml:74 - Set database path to: C:\ST\STM32CubeIDE_1.7.0\STM32CubeIDE\plugins\com.st.stm32cube.common.mx_6.3.0.202107141111\\db\/mcu/
2024-10-03 21:27:34,411 [INFO] DbBoardsPdsc:56 - Set plugin database path to: C:\ST\STM32CubeIDE_1.7.0\STM32CubeIDE\plugins\com.st.stm32cube.common.mx_6.3.0.202107141111\\db\/plugins/boardmanager/
2024-10-03 21:27:34,411 [INFO] DbMcus:258 - Set plugin images path to: C:\ST\STM32CubeIDE_1.7.0\STM32CubeIDE\plugins\com.st.stm32cube.common.mx_6.3.0.202107141111\\db\/plugins/mcufinder/images/
2024-10-03 21:27:34,411 [INFO] DbBoards:264 - Set plugin images path to: C:\ST\STM32CubeIDE_1.7.0\STM32CubeIDE\plugins\com.st.stm32cube.common.mx_6.3.0.202107141111\\db\/plugins/mcufinder/images/
2024-10-03 21:27:34,411 [INFO] DbExamples:333 - Set plugin images path to: C:\ST\STM32CubeIDE_1.7.0\STM32CubeIDE\plugins\com.st.stm32cube.common.mx_6.3.0.202107141111\\db\/plugins/mcufinder/images/
2024-10-03 21:27:34,412 [WARN] DbFile:35 - Overriding database path with different value: C:\Users\TIEN DUY\.stmcufinder\plugins\mcufinder/ => C:\Users\TIEN DUY\.stmcufinder\plugins\mcufinder
2024-10-03 21:27:34,412 [INFO] DbMcusAds:119 - Set database path to: C:\Users\TIEN DUY\.stmcufinder\plugins\mcufinder//mcu/
2024-10-03 21:27:34,412 [WARN] DbFile:35 - Overriding database path with different value: C:\Users\TIEN DUY\.stmcufinder\plugins\mcufinder/ => C:\Users\TIEN DUY\.stmcufinder\plugins\mcufinder
2024-10-03 21:27:34,412 [INFO] DbMcusDocs:110 - Set database path to: C:\Users\TIEN DUY\.stmcufinder\plugins\mcufinder//mcu/
2024-10-03 21:27:34,412 [WARN] DbFile:35 - Overriding database path with different value: C:\Users\TIEN DUY\.stmcufinder\plugins\mcufinder/ => C:\Users\TIEN DUY\.stmcufinder\plugins\mcufinder
2024-10-03 21:27:34,412 [INFO] DbMcusJson:64 - Set database path to: C:\Users\TIEN DUY\.stmcufinder\plugins\mcufinder//mcu/
2024-10-03 21:27:34,412 [WARN] DbFile:35 - Overriding database path with different value: C:\Users\TIEN DUY\.stmcufinder\plugins\mcufinder/ => C:\Users\TIEN DUY\.stmcufinder\plugins\mcufinder
2024-10-03 21:27:34,412 [INFO] DbBoardsDocs:110 - Set database path to: C:\Users\TIEN DUY\.stmcufinder\plugins\mcufinder//mcu/
2024-10-03 21:27:34,412 [WARN] DbFile:35 - Overriding database path with different value: C:\Users\TIEN DUY\.stmcufinder\plugins\mcufinder/ => C:\Users\TIEN DUY\.stmcufinder\plugins\mcufinder
2024-10-03 21:27:34,412 [INFO] DbBoardsJson:57 - Set database path to: C:\Users\TIEN DUY\.stmcufinder\plugins\mcufinder//mcu/
2024-10-03 21:27:34,412 [WARN] DbFile:35 - Overriding database path with different value: C:\Users\TIEN DUY\.stmcufinder\plugins\mcufinder/ => C:\Users\TIEN DUY\.stmcufinder\plugins\mcufinder
2024-10-03 21:27:34,412 [WARN] DbFile:35 - Overriding database path with different value: C:\Users\TIEN DUY\.stmcufinder\plugins\mcufinder/ => C:\Users\TIEN DUY\.stmcufinder\plugins\mcufinder
2024-10-03 21:27:34,412 [INFO] CrossReferenceDbSqlite:196 - Set database path to: C:\Users\TIEN DUY\.stmcufinder\plugins\mcufinder//mcu/cs/
2024-10-03 21:27:34,412 [WARN] DbFile:35 - Overriding database path with different value: C:\Users\TIEN DUY\.stmcufinder\plugins\mcufinder/ => C:\Users\TIEN DUY\.stmcufinder\plugins\mcufinder
2024-10-03 21:27:34,412 [INFO] DbExamplesSqlite:767 - Set database path to: C:\Users\TIEN DUY\.stmcufinder\plugins\mcufinder//mcu/
2024-10-03 21:27:34,428 [INFO] ApplicationProperties:181 - Using Application install path: C:\ST\STM32CubeIDE_1.7.0\STM32CubeIDE\plugins\com.st.stm32cube.common.mx_6.3.0.202107141111
2024-10-03 21:27:34,429 [INFO] PluginManage:188 - Search for loadable plugins [exclusion list=, ]
2024-10-03 21:27:34,429 [INFO] PluginManage:302 - Check plugin analytics
2024-10-03 21:27:34,568 [INFO] AnalyticsPlugin:257 - Accepted Software Licenses: 
2024-10-03 21:27:34,569 [INFO] AnalyticsPlugin:259 - Accepted CMSIS Pack Licenses: 
2024-10-03 21:27:34,569 [INFO] AnalyticsPlugin:261 - Accepted Firmware Licenses: 
2024-10-03 21:27:34,569 [INFO] PluginManage:352 - Loaded plugin analytics (category:tool,tabindex:-1)
2024-10-03 21:27:34,569 [INFO] PluginManage:302 - Check plugin clock
2024-10-03 21:27:34,581 [INFO] PluginManage:352 - Loaded plugin clock (category:base,tabindex:2)
2024-10-03 21:27:34,581 [INFO] PluginManage:302 - Check plugin ddr
2024-10-03 21:27:34,583 [INFO] PluginManage:352 - Loaded plugin ddr (category:tool,tabindex:6)
2024-10-03 21:27:34,583 [INFO] PluginManage:302 - Check plugin filemanager
2024-10-03 21:27:34,671 [INFO] PluginManage:352 - Loaded plugin filemanager (category:base,tabindex:10)
2024-10-03 21:27:34,671 [INFO] PluginManage:302 - Check plugin ipmanager
2024-10-03 21:27:34,678 [INFO] PluginManage:352 - Loaded plugin ipmanager (category:base,tabindex:5)
2024-10-03 21:27:34,678 [INFO] PluginManage:302 - Check plugin pinoutandconfiguration
2024-10-03 21:27:34,686 [INFO] PluginManage:352 - Loaded plugin pinoutandconfiguration (category:base,tabindex:1)
2024-10-03 21:27:34,686 [INFO] PluginManage:302 - Check plugin pinoutconfig
2024-10-03 21:27:34,708 [INFO] PluginManage:352 - Loaded plugin pinoutconfig (category:base,tabindex:0)
2024-10-03 21:27:34,708 [INFO] PluginManage:302 - Check plugin power
2024-10-03 21:27:34,717 [INFO] PluginManage:352 - Loaded plugin power (category:power,tabindex:4)
2024-10-03 21:27:34,717 [INFO] PluginManage:302 - Check plugin projectmanager
2024-10-03 21:27:34,729 [INFO] PluginManage:352 - Loaded plugin projectmanager (category:projectmanager,tabindex:3)
2024-10-03 21:27:34,729 [INFO] PluginManage:302 - Check plugin thirdparty
2024-10-03 21:27:34,823 [INFO] PluginManage:352 - Loaded plugin thirdparty (category:base,tabindex:-1)
2024-10-03 21:27:34,823 [INFO] PluginManage:302 - Check plugin tools
2024-10-03 21:27:34,823 [WARN] IntegrityCheckThread:78 - waiting for thirdparty lock release [integrity check]
2024-10-03 21:27:34,824 [INFO] IntegrityCheckThread:80 - entering critical section [integrity check]
2024-10-03 21:27:34,824 [INFO] ThirdPartyUpdaterWithRetryManager:66 - Updater plugin not ready yet. [1/15]
2024-10-03 21:27:34,825 [INFO] PluginManage:352 - Loaded plugin tools (category:base,tabindex:7)
2024-10-03 21:27:34,825 [INFO] PluginManage:302 - Check plugin tutovideos
2024-10-03 21:27:35,001 [INFO] PluginManage:352 - Loaded plugin tutovideos (category:base,tabindex:-1)
2024-10-03 21:27:35,002 [INFO] PluginManage:302 - Check plugin updater
2024-10-03 21:27:35,012 [INFO] PluginManage:352 - Loaded plugin updater (category:base,tabindex:12)
2024-10-03 21:27:35,012 [INFO] PluginManage:275 - PluginManage : Loaded plugins [13]
2024-10-03 21:27:35,167 [INFO] PinOutPanel:1463 - setPackage(No Configuration,No Configuration)
2024-10-03 21:27:35,240 [INFO] IPUIPlugin:74 - create IPUIPlugin
2024-10-03 21:27:35,240 [INFO] PluginManager:213 - loadIPPluginJar : add adc
2024-10-03 21:27:35,243 [INFO] IPUIPlugin:74 - create IPUIPlugin
2024-10-03 21:27:35,243 [INFO] PluginManager:213 - loadIPPluginJar : add aes
2024-10-03 21:27:35,245 [INFO] IPUIPlugin:74 - create IPUIPlugin
2024-10-03 21:27:35,245 [INFO] PluginManager:213 - loadIPPluginJar : add can
2024-10-03 21:27:35,246 [INFO] IPUIPlugin:74 - create IPUIPlugin
2024-10-03 21:27:35,246 [INFO] PluginManager:213 - loadIPPluginJar : add comp
2024-10-03 21:27:35,249 [INFO] IPUIPlugin:74 - create IPUIPlugin
2024-10-03 21:27:35,249 [INFO] PluginManager:213 - loadIPPluginJar : add cryp
2024-10-03 21:27:35,251 [INFO] IPUIPlugin:74 - create IPUIPlugin
2024-10-03 21:27:35,251 [INFO] PluginManager:213 - loadIPPluginJar : add dfsdm
2024-10-03 21:27:35,255 [INFO] IPUIPlugin:74 - create IPUIPlugin
2024-10-03 21:27:35,255 [INFO] PluginManager:213 - loadIPPluginJar : add dma
2024-10-03 21:27:35,258 [INFO] IPUIPlugin:74 - create IPUIPlugin
2024-10-03 21:27:35,258 [INFO] PluginManager:213 - loadIPPluginJar : add dma3
2024-10-03 21:27:35,259 [INFO] IPUIPlugin:74 - create IPUIPlugin
2024-10-03 21:27:35,259 [INFO] PluginManager:213 - loadIPPluginJar : add fatfs
2024-10-03 21:27:35,263 [INFO] IPUIPlugin:74 - create IPUIPlugin
2024-10-03 21:27:35,263 [INFO] PluginManager:213 - loadIPPluginJar : add fmc
2024-10-03 21:27:35,279 [INFO] IPUIPlugin:74 - create IPUIPlugin
2024-10-03 21:27:35,280 [INFO] PluginManager:213 - loadIPPluginJar : add freertos
2024-10-03 21:27:35,281 [INFO] IPUIPlugin:74 - create IPUIPlugin
2024-10-03 21:27:35,282 [INFO] PluginManager:213 - loadIPPluginJar : add genericplugin
2024-10-03 21:27:35,284 [INFO] IPUIPlugin:74 - create IPUIPlugin
2024-10-03 21:27:35,284 [INFO] PluginManager:213 - loadIPPluginJar : add gfxmmu
2024-10-03 21:27:35,288 [INFO] IPUIPlugin:74 - create IPUIPlugin
2024-10-03 21:27:35,288 [INFO] PluginManager:213 - loadIPPluginJar : add gic
2024-10-03 21:27:35,292 [INFO] IPUIPlugin:74 - create IPUIPlugin
2024-10-03 21:27:35,292 [INFO] PluginManager:213 - loadIPPluginJar : add gpio
2024-10-03 21:27:35,295 [INFO] IPUIPlugin:74 - create IPUIPlugin
2024-10-03 21:27:35,295 [INFO] PluginManager:213 - loadIPPluginJar : add gtzc
2024-10-03 21:27:35,297 [INFO] IPUIPlugin:74 - create IPUIPlugin
2024-10-03 21:27:35,297 [INFO] PluginManager:213 - loadIPPluginJar : add hash
2024-10-03 21:27:35,299 [INFO] IPUIPlugin:74 - create IPUIPlugin
2024-10-03 21:27:35,299 [INFO] PluginManager:213 - loadIPPluginJar : add i2c
2024-10-03 21:27:35,301 [INFO] IPUIPlugin:74 - create IPUIPlugin
2024-10-03 21:27:35,301 [INFO] PluginManager:213 - loadIPPluginJar : add i2s
2024-10-03 21:27:35,304 [INFO] IPUIPlugin:74 - create IPUIPlugin
2024-10-03 21:27:35,304 [INFO] PluginManager:213 - loadIPPluginJar : add ipddr
2024-10-03 21:27:35,310 [INFO] IPUIPlugin:74 - create IPUIPlugin
2024-10-03 21:27:35,310 [INFO] PluginManager:213 - loadIPPluginJar : add linkedlist
2024-10-03 21:27:35,313 [INFO] IPUIPlugin:74 - create IPUIPlugin
2024-10-03 21:27:35,313 [INFO] PluginManager:213 - loadIPPluginJar : add lorawan
2024-10-03 21:27:35,314 [INFO] IPUIPlugin:74 - create IPUIPlugin
2024-10-03 21:27:35,315 [INFO] PluginManager:213 - loadIPPluginJar : add ltdc
2024-10-03 21:27:35,317 [INFO] IPUIPlugin:74 - create IPUIPlugin
2024-10-03 21:27:35,318 [INFO] PluginManager:213 - loadIPPluginJar : add mdma
2024-10-03 21:27:35,321 [INFO] IPUIPlugin:74 - create IPUIPlugin
2024-10-03 21:27:35,321 [INFO] PluginManager:213 - loadIPPluginJar : add nvic
2024-10-03 21:27:35,324 [INFO] IPUIPlugin:74 - create IPUIPlugin
2024-10-03 21:27:35,324 [INFO] PluginManager:213 - loadIPPluginJar : add opamp
2024-10-03 21:27:35,326 [INFO] IPUIPlugin:74 - create IPUIPlugin
2024-10-03 21:27:35,326 [INFO] PluginManager:213 - loadIPPluginJar : add openamp
2024-10-03 21:27:35,330 [INFO] IPUIPlugin:74 - create IPUIPlugin
2024-10-03 21:27:35,330 [INFO] PluginManager:213 - loadIPPluginJar : add pdm2pcm
2024-10-03 21:27:35,335 [INFO] IPUIPlugin:74 - create IPUIPlugin
2024-10-03 21:27:35,337 [INFO] PluginManager:213 - loadIPPluginJar : add plateformsettings
2024-10-03 21:27:35,338 [INFO] IPUIPlugin:74 - create IPUIPlugin
2024-10-03 21:27:35,338 [INFO] PluginManager:213 - loadIPPluginJar : add quadspi
2024-10-03 21:27:35,342 [INFO] IPUIPlugin:74 - create IPUIPlugin
2024-10-03 21:27:35,342 [INFO] PluginManager:213 - loadIPPluginJar : add resmgrutility
2024-10-03 21:27:35,344 [INFO] IPUIPlugin:74 - create IPUIPlugin
2024-10-03 21:27:35,345 [INFO] PluginManager:213 - loadIPPluginJar : add sai
2024-10-03 21:27:35,347 [INFO] IPUIPlugin:74 - create IPUIPlugin
2024-10-03 21:27:35,347 [INFO] PluginManager:213 - loadIPPluginJar : add spi
2024-10-03 21:27:35,351 [INFO] IPUIPlugin:74 - create IPUIPlugin
2024-10-03 21:27:35,351 [INFO] PluginManager:213 - loadIPPluginJar : add stm32_wpan
2024-10-03 21:27:35,352 [INFO] IPUIPlugin:74 - create IPUIPlugin
2024-10-03 21:27:35,352 [INFO] PluginManager:213 - loadIPPluginJar : add tim
2024-10-03 21:27:35,355 [INFO] IPUIPlugin:74 - create IPUIPlugin
2024-10-03 21:27:35,355 [INFO] PluginManager:213 - loadIPPluginJar : add touchsensing
2024-10-03 21:27:35,357 [INFO] IPUIPlugin:74 - create IPUIPlugin
2024-10-03 21:27:35,357 [INFO] PluginManager:213 - loadIPPluginJar : add tracer_emb
2024-10-03 21:27:35,358 [INFO] IPUIPlugin:74 - create IPUIPlugin
2024-10-03 21:27:35,358 [INFO] PluginManager:213 - loadIPPluginJar : add ts
2024-10-03 21:27:35,360 [INFO] IPUIPlugin:74 - create IPUIPlugin
2024-10-03 21:27:35,360 [INFO] PluginManager:213 - loadIPPluginJar : add tsc
2024-10-03 21:27:35,362 [INFO] IPUIPlugin:74 - create IPUIPlugin
2024-10-03 21:27:35,362 [INFO] PluginManager:213 - loadIPPluginJar : add ucpd
2024-10-03 21:27:35,365 [INFO] IPUIPlugin:74 - create IPUIPlugin
2024-10-03 21:27:35,365 [INFO] PluginManager:213 - loadIPPluginJar : add usart
2024-10-03 21:27:35,366 [INFO] IPUIPlugin:74 - create IPUIPlugin
2024-10-03 21:27:35,367 [INFO] PluginManager:213 - loadIPPluginJar : add usbx
2024-10-03 21:27:35,609 [FATAL] Updater:294 - Updater called before beeing initialized
2024-10-03 21:27:35,689 [FATAL] Updater:294 - Updater called before beeing initialized
2024-10-03 21:27:35,692 [INFO] DbMcusAds:47 - JSON generation date=Fri Sep 20 20:04:23 ICT 2024 (1726837463113)
2024-10-03 21:27:35,692 [FATAL] Updater:294 - Updater called before beeing initialized
2024-10-03 21:27:35,725 [WARN] DetailPanel:314 - Failed to get advertising image, set to default
2024-10-03 21:27:35,789 [FATAL] Updater:294 - Updater called before beeing initialized
2024-10-03 21:27:35,791 [FATAL] Updater:294 - Updater called before beeing initialized
2024-10-03 21:27:35,791 [FATAL] Updater:294 - Updater called before beeing initialized
2024-10-03 21:27:35,791 [WARN] DetailPanel:314 - Failed to get advertising image, set to default
2024-10-03 21:27:35,791 [FATAL] Updater:294 - Updater called before beeing initialized
2024-10-03 21:27:35,825 [ERROR] Updater:1075 - MainUpdater not yet initialized. External WinMGr cannot be set.
2024-10-03 21:27:35,827 [INFO] Updater:1012 - Updater Version found : 6.3.0
2024-10-03 21:27:35,845 [INFO] ApplicationProperties:181 - Using Application install path: C:\ST\STM32CubeIDE_1.7.0\STM32CubeIDE\plugins\com.st.stm32cube.common.mx_6.3.0.202107141111
2024-10-03 21:27:37,838 [INFO] ThirdPartyUpdaterWithRetryManager:66 - Updater plugin not ready yet. [2/15]
2024-10-03 21:27:38,011 [INFO] MainUpdater:2671 - connection check result : 10
2024-10-03 21:27:38,013 [INFO] MainUpdater:265 - Updater Check For Update Now.
2024-10-03 21:27:38,014 [INFO] MicroXplorer:478 - Change Database Version : DB.6.0.30
2024-10-03 21:27:38,170 [INFO] CheckServerUpdateThread:112 - End of CheckServer Thread
2024-10-03 21:27:38,244 [INFO] MainUpdater:2671 - connection check result : 10
2024-10-03 21:27:38,251 [INFO] McuFinderGlobals:52 - Set McuFinderConnectedMode to true
2024-10-03 21:27:39,443 [INFO] ServerAccessManage:362 - Download File mcusAds.json._tmp_
2024-10-03 21:27:39,561 [INFO] LoadUrlFilesThread:145 - End of LoadUrlFiles Thread
2024-10-03 21:27:40,838 [WARN] MainUpdater:1122 - Updater busy. Cannot search thirdparties
2024-10-03 21:27:40,838 [INFO] ThirdPartyUpdaterWithRetryManager:92 - Updater plugin is busy. [1/15]
2024-10-03 21:27:40,980 [INFO] ServerAccessManage:362 - Download File mcusDocs.json._tmp_
2024-10-03 21:27:41,824 [INFO] RetryExec:97 - I/O exception (org.apache.http.NoHttpResponseException) caught when processing request to {s}->https://sw-center.st.com:443: The target server failed to respond
2024-10-03 21:27:41,829 [INFO] RetryExec:113 - Retrying request to {s}->https://sw-center.st.com:443
2024-10-03 21:27:41,947 [INFO] LoadUrlFilesThread:145 - End of LoadUrlFiles Thread
2024-10-03 21:27:42,826 [INFO] ServerAccessManage:362 - Download File mcusFeaturesAndDescription.json._tmp_
2024-10-03 21:27:43,850 [WARN] MainUpdater:1122 - Updater busy. Cannot search thirdparties
2024-10-03 21:27:43,850 [INFO] ThirdPartyUpdaterWithRetryManager:92 - Updater plugin is busy. [2/15]
2024-10-03 21:27:46,861 [WARN] MainUpdater:1122 - Updater busy. Cannot search thirdparties
2024-10-03 21:27:46,861 [INFO] ThirdPartyUpdaterWithRetryManager:92 - Updater plugin is busy. [3/15]
2024-10-03 21:27:49,875 [WARN] MainUpdater:1122 - Updater busy. Cannot search thirdparties
2024-10-03 21:27:49,875 [INFO] ThirdPartyUpdaterWithRetryManager:92 - Updater plugin is busy. [4/15]
2024-10-03 21:27:52,730 [INFO] LoadUrlFilesThread:145 - End of LoadUrlFiles Thread
2024-10-03 21:27:52,888 [WARN] MainUpdater:1122 - Updater busy. Cannot search thirdparties
2024-10-03 21:27:52,888 [INFO] ThirdPartyUpdaterWithRetryManager:92 - Updater plugin is busy. [5/15]
2024-10-03 21:27:53,676 [INFO] ServerAccessManage:362 - Download File boardsDocs.json._tmp_
2024-10-03 21:27:53,802 [INFO] LoadUrlFilesThread:145 - End of LoadUrlFiles Thread
2024-10-03 21:27:54,598 [INFO] ServerAccessManage:362 - Download File boards.json._tmp_
2024-10-03 21:27:55,900 [WARN] MainUpdater:1122 - Updater busy. Cannot search thirdparties
2024-10-03 21:27:55,900 [INFO] ThirdPartyUpdaterWithRetryManager:92 - Updater plugin is busy. [6/15]
2024-10-03 21:27:56,362 [INFO] LoadUrlFilesThread:145 - End of LoadUrlFiles Thread
2024-10-03 21:27:57,061 [INFO] ServerAccessManage:362 - Download File cube-finder-db.zip
2024-10-03 21:27:58,911 [WARN] MainUpdater:1122 - Updater busy. Cannot search thirdparties
2024-10-03 21:27:58,911 [INFO] ThirdPartyUpdaterWithRetryManager:92 - Updater plugin is busy. [7/15]
2024-10-03 21:28:01,923 [WARN] MainUpdater:1122 - Updater busy. Cannot search thirdparties
2024-10-03 21:28:01,923 [INFO] ThirdPartyUpdaterWithRetryManager:92 - Updater plugin is busy. [8/15]
2024-10-03 21:28:04,935 [WARN] MainUpdater:1122 - Updater busy. Cannot search thirdparties
2024-10-03 21:28:04,935 [INFO] ThirdPartyUpdaterWithRetryManager:92 - Updater plugin is busy. [9/15]
2024-10-03 21:28:07,949 [WARN] MainUpdater:1122 - Updater busy. Cannot search thirdparties
2024-10-03 21:28:07,949 [INFO] ThirdPartyUpdaterWithRetryManager:92 - Updater plugin is busy. [10/15]
2024-10-03 21:28:10,960 [WARN] MainUpdater:1122 - Updater busy. Cannot search thirdparties
2024-10-03 21:28:10,960 [INFO] ThirdPartyUpdaterWithRetryManager:92 - Updater plugin is busy. [11/15]
2024-10-03 21:28:13,962 [WARN] MainUpdater:1122 - Updater busy. Cannot search thirdparties
2024-10-03 21:28:13,962 [INFO] ThirdPartyUpdaterWithRetryManager:92 - Updater plugin is busy. [12/15]
2024-10-03 21:28:16,962 [WARN] MainUpdater:1122 - Updater busy. Cannot search thirdparties
2024-10-03 21:28:16,962 [INFO] ThirdPartyUpdaterWithRetryManager:92 - Updater plugin is busy. [13/15]
2024-10-03 21:28:19,976 [WARN] MainUpdater:1122 - Updater busy. Cannot search thirdparties
2024-10-03 21:28:19,976 [INFO] ThirdPartyUpdaterWithRetryManager:92 - Updater plugin is busy. [14/15]
2024-10-03 21:28:22,980 [WARN] MainUpdater:1122 - Updater busy. Cannot search thirdparties
2024-10-03 21:28:22,980 [INFO] ThirdPartyUpdaterWithRetryManager:92 - Updater plugin is busy. [15/15]
2024-10-03 21:28:22,980 [ERROR] IntegrityCheckThread:124 - Cannot retrieve database content from updater: error -1
2024-10-03 21:28:22,980 [INFO] ThirdParty:915 - Integrity check success = false
2024-10-03 21:28:22,980 [INFO] IntegrityCheckThread:94 - exiting critical section [integrity check]
2024-10-03 21:28:22,980 [INFO] IntegrityCheckThread:97 - End integrity checks thread
2024-10-03 21:28:22,998 [INFO] FileExtend:235 - Unzip File : cube-finder-db.zip
2024-10-03 21:28:22,999 [INFO] FileExtend:250 - Standard Zip Deflate
2024-10-03 21:28:23,789 [INFO] LoadUrlFilesThread:145 - End of LoadUrlFiles Thread
2024-10-03 21:28:25,830 [INFO] ServerAccessManage:362 - Download File crdb.zip
2024-10-03 21:28:28,298 [INFO] FileExtend:235 - Unzip File : crdb.zip
2024-10-03 21:28:28,298 [INFO] FileExtend:250 - Standard Zip Deflate
2024-10-03 21:28:28,454 [INFO] LoadUrlFilesThread:145 - End of LoadUrlFiles Thread
2024-10-03 21:28:29,421 [INFO] ServerAccessManage:362 - Download File tutoVideoDB.zip
2024-10-03 21:28:29,828 [INFO] FileExtend:235 - Unzip File : tutoVideoDB.zip
2024-10-03 21:28:29,828 [INFO] FileExtend:250 - Standard Zip Deflate
2024-10-03 21:28:29,960 [INFO] LoadUrlFilesThread:145 - End of LoadUrlFiles Thread
2024-10-03 21:28:29,962 [INFO] DbMcusAds:47 - JSON generation date=Fri Sep 20 20:04:23 ICT 2024 (1726837463113)
2024-10-03 21:28:29,977 [INFO] DbMcusDocs:143 - JSON generation date=Tue Nov 16 23:17:54 ICT 2021 (1637079474)
2024-10-03 21:28:29,977 [INFO] DbMcusXml:100 - Load MCU database from C:\ST\STM32CubeIDE_1.7.0\STM32CubeIDE\plugins\com.st.stm32cube.common.mx_6.3.0.202107141111\\db\/mcu/families.xml
2024-10-03 21:28:30,618 [INFO] DbMcusJson:93 - JSON generation date=Tue Nov 16 23:17:54 ICT 2021 (1637079474)
2024-10-03 21:28:31,118 [INFO] DbMcus:175 - Found 1951 MCUs (1903 are supported by CubeMX, 1914 are visible in CubeMX)
2024-10-03 21:28:31,119 [INFO] ApiDb:251 - Load user favorites file C:\Users\TIEN DUY/.stm32cubeide/favorites.mcus.txt: 0 item(s)
2024-10-03 21:28:31,119 [INFO] ApiDb:255 - User favorites MCUs=[]
2024-10-03 21:28:31,119 [INFO] DbMcus:187 - Set 0 / 0 favorites MCUs
2024-10-03 21:28:31,361 [INFO] DbMcusDocs:79 - Found 682 MCUs documents
2024-10-03 21:28:31,363 [INFO] ApiDb:276 - Save user favorites file C:\Users\TIEN DUY/.stm32cubeide/favorites.mcus.txt: 0 item(s)
2024-10-03 21:28:31,363 [INFO] ApiDb:280 - User favorites MCUs=[]
2024-10-03 21:28:31,363 [INFO] DbMcusXml:100 - Load MCU database from C:\ST\STM32CubeIDE_1.7.0\STM32CubeIDE\plugins\com.st.stm32cube.common.mx_6.3.0.202107141111\\db\/mcu/families.xml
2024-10-03 21:28:31,881 [INFO] DbMcusJson:93 - JSON generation date=Tue Nov 16 23:17:54 ICT 2021 (1637079474)
2024-10-03 21:28:32,377 [INFO] DbMcus:175 - Found 1951 MCUs (1903 are supported by CubeMX, 1914 are visible in CubeMX)
2024-10-03 21:28:32,377 [INFO] ApiDb:251 - Load user favorites file C:\Users\TIEN DUY/.stm32cubeide/favorites.mcus.txt: 0 item(s)
2024-10-03 21:28:32,377 [INFO] ApiDb:255 - User favorites MCUs=[]
2024-10-03 21:28:32,377 [INFO] DbMcus:187 - Set 0 / 0 favorites MCUs
2024-10-03 21:28:32,384 [INFO] DbBoardsDocs:143 - JSON generation date=Tue Nov 16 23:17:54 ICT 2021 (1637079474)
2024-10-03 21:28:32,394 [INFO] DbBoardsPdsc:90 - Found 25 items
2024-10-03 21:28:32,397 [INFO] DbBoardsPdsc:90 - Found 9 items
2024-10-03 21:28:32,402 [INFO] DbBoardsPdsc:90 - Found 33 items
2024-10-03 21:28:32,404 [INFO] DbBoardsPdsc:90 - Found 1 items
2024-10-03 21:28:32,410 [INFO] DbBoardsPdsc:90 - Found 48 items
2024-10-03 21:28:32,416 [INFO] DbBoardsPdsc:90 - Found 43 items
2024-10-03 21:28:32,418 [INFO] DbBoardsPdsc:90 - Found 2 items
2024-10-03 21:28:32,419 [INFO] DbBoardsPdsc:90 - Found 5 items
2024-10-03 21:28:32,423 [WARN] DbBoardsPdsc:254 - Board STM32H7B3I-DK: unknown feature type=Audio, name=, username=Audio stereo codec with Headphone Amp (CS42L51-CNZ), n=1
2024-10-03 21:28:32,424 [WARN] DbBoardsPdsc:254 - Board STM32H735G-DK: unknown feature type=Audio, name=, username=Audio stereo codec with Headphone Amp (WM8994ECS/R), n=1
2024-10-03 21:28:32,425 [WARN] DbBoardsPdsc:254 - Board STM32H7B3I-EVAL: unknown feature type=Audio, name=, username=Multi-Channel Audio Codec (CS42L51-CNZ), n=1
2024-10-03 21:28:32,425 [WARN] DbBoardsPdsc:254 - Board STM32H7B3I-EVAL: unknown feature type=Meter, name=, username=Power-metering and Temperature-monitoring with sigma-delta modulators, n=1
2024-10-03 21:28:32,425 [WARN] DbBoardsPdsc:254 - Board STM32H7B3I-EVAL: unknown feature type=Motor, name=, username=Motor Control, n=1
2024-10-03 21:28:32,426 [WARN] DbBoardsPdsc:254 - Board STM32U575I-EV: unknown feature type=joystick, name=, username=4-direction joystick with selection button, n=1
2024-10-03 21:28:32,454 [INFO] DbBoardsJson:86 - JSON generation date=Tue Nov 16 23:17:54 ICT 2021 (1637079474)
2024-10-03 21:28:32,462 [INFO] DbBoards:117 - Found 167 boards (163 are supported by CubeMX)
2024-10-03 21:28:32,464 [INFO] DbBoardsDocs:143 - JSON generation date=Tue Nov 16 23:17:54 ICT 2021 (1637079474)
2024-10-03 21:28:32,467 [INFO] DbBoardsDocs:79 - Found 209 boards documents
2024-10-03 21:28:32,469 [WARN] DbBoards:127 - board B-L475E-IOT01A2 has no document id list !
2024-10-03 21:28:32,471 [WARN] DbBoards:127 - board NUCLEO-H743ZI has no document id list !
2024-10-03 21:28:32,472 [WARN] DbBoards:127 - board NUCLEO-WL55JC2 has no document id list !
2024-10-03 21:28:32,472 [WARN] DbBoards:127 - board P-NUCLEO-WB55-Nucleo has no document id list !
2024-10-03 21:28:32,472 [WARN] DbBoards:127 - board P-NUCLEO-WB55-USBDongle has no document id list !
2024-10-03 21:28:32,472 [WARN] DbBoards:127 - board STEVAL-BFA001V1B has no document id list !
2024-10-03 21:28:32,472 [WARN] DbBoards:127 - board STEVAL-BFA001V2B has no document id list !
2024-10-03 21:28:32,472 [WARN] DbBoards:127 - board STEVAL-IDP005V1 has no document id list !
2024-10-03 21:28:32,472 [WARN] DbBoards:127 - board STEVAL-IDP005V2 has no document id list !
2024-10-03 21:28:32,472 [WARN] DbBoards:127 - board STEVAL-MKSBOX1V1 has no document id list !
2024-10-03 21:28:32,472 [WARN] DbBoards:127 - board STEVAL-STWINKT1 has no document id list !
2024-10-03 21:28:32,472 [WARN] DbBoards:127 - board STEVAL-STWINKT1B has no document id list !
2024-10-03 21:28:32,473 [WARN] DbBoards:127 - board STM32439I-EVAL2 has no document id list !
2024-10-03 21:28:32,473 [WARN] DbBoards:127 - board STM32F401C-DISCO has no document id list !
2024-10-03 21:28:32,473 [WARN] DbBoards:127 - board STM32F769I-DISC1 has no document id list !
2024-10-03 21:28:32,474 [WARN] DbBoards:127 - board STM32G474E-EVAL1 has no document id list !
2024-10-03 21:28:32,474 [WARN] DbBoards:127 - board STM32H743I-EVAL2 has no document id list !
2024-10-03 21:28:32,474 [WARN] DbBoards:127 - board STM32H747I-DISC1 has no document id list !
2024-10-03 21:28:32,474 [WARN] DbBoards:127 - board STM32H753I-EVAL2 has no document id list !
2024-10-03 21:28:32,474 [WARN] DbBoards:127 - board STM32L-DISCOVERY has no document id list !
2024-10-03 21:28:32,583 [ERROR] DbBoards:189 - Image file not found for board B-U585I-IOT02A: C:\ST\STM32CubeIDE_1.7.0\STM32CubeIDE\plugins\com.st.stm32cube.common.mx_6.3.0.202107141111\\db\/plugins/mcufinder/images/boards/B-U585I-IOT02A_small.jpg
2024-10-03 21:28:32,670 [ERROR] DbBoards:189 - Image file not found for board NUCLEO-F413ZH: C:\ST\STM32CubeIDE_1.7.0\STM32CubeIDE\plugins\com.st.stm32cube.common.mx_6.3.0.202107141111\\db\/plugins/mcufinder/images/boards/nucleo-f413zh_small.jpg
2024-10-03 21:28:32,810 [ERROR] DbBoards:189 - Image file not found for board NUCLEO-L552ZE-Q: C:\ST\STM32CubeIDE_1.7.0\STM32CubeIDE\plugins\com.st.stm32cube.common.mx_6.3.0.202107141111\\db\/plugins/mcufinder/images/boards/nucleo_l552ze_q_small.jpg
2024-10-03 21:28:32,810 [ERROR] DbBoards:189 - Image file not found for board NUCLEO-U575ZI-Q: C:\ST\STM32CubeIDE_1.7.0\STM32CubeIDE\plugins\com.st.stm32cube.common.mx_6.3.0.202107141111\\db\/plugins/mcufinder/images/boards/nucleo-u575zi-q_small.jpg
2024-10-03 21:28:32,810 [ERROR] DbBoards:189 - Image file not found for board NUCLEO-WB15CC: C:\ST\STM32CubeIDE_1.7.0\STM32CubeIDE\plugins\com.st.stm32cube.common.mx_6.3.0.202107141111\\db\/plugins/mcufinder/images/boards/nucleo-wb15cc_small.jpg
2024-10-03 21:28:32,810 [ERROR] DbBoards:189 - Image file not found for board NUCLEO-WB55RG: C:\ST\STM32CubeIDE_1.7.0\STM32CubeIDE\plugins\com.st.stm32cube.common.mx_6.3.0.202107141111\\db\/plugins/mcufinder/images/boards/nucleo-wb55rg_small.jpg
2024-10-03 21:28:33,630 [INFO] ApiDb:251 - Load user favorites file C:\Users\TIEN DUY/.stm32cubeide/favorites.boards.txt: 0 item(s)
2024-10-03 21:28:33,631 [INFO] ApiDb:255 - User favorites Boards=[]
2024-10-03 21:28:33,631 [INFO] DbBoards:206 - Set 0 / 0 favorites Boards
2024-10-03 21:28:33,633 [INFO] DbBoardsDocs:79 - Found 418 boards documents
2024-10-03 21:28:33,633 [INFO] ApiDb:276 - Save user favorites file C:\Users\TIEN DUY/.stm32cubeide/favorites.boards.txt: 0 item(s)
2024-10-03 21:28:33,633 [INFO] ApiDb:280 - User favorites Boards=[]
2024-10-03 21:28:33,636 [INFO] DbBoardsPdsc:90 - Found 25 items
2024-10-03 21:28:33,637 [INFO] DbBoardsPdsc:90 - Found 9 items
2024-10-03 21:28:33,639 [INFO] DbBoardsPdsc:90 - Found 33 items
2024-10-03 21:28:33,640 [INFO] DbBoardsPdsc:90 - Found 1 items
2024-10-03 21:28:33,643 [INFO] DbBoardsPdsc:90 - Found 48 items
2024-10-03 21:28:33,647 [INFO] DbBoardsPdsc:90 - Found 43 items
2024-10-03 21:28:33,648 [INFO] DbBoardsPdsc:90 - Found 2 items
2024-10-03 21:28:33,649 [INFO] DbBoardsPdsc:90 - Found 5 items
2024-10-03 21:28:33,650 [WARN] DbBoardsPdsc:254 - Board STM32H7B3I-DK: unknown feature type=Audio, name=, username=Audio stereo codec with Headphone Amp (CS42L51-CNZ), n=1
2024-10-03 21:28:33,650 [WARN] DbBoardsPdsc:254 - Board STM32H735G-DK: unknown feature type=Audio, name=, username=Audio stereo codec with Headphone Amp (WM8994ECS/R), n=1
2024-10-03 21:28:33,661 [WARN] DbBoardsPdsc:254 - Board STM32H7B3I-EVAL: unknown feature type=Audio, name=, username=Multi-Channel Audio Codec (CS42L51-CNZ), n=1
2024-10-03 21:28:33,661 [WARN] DbBoardsPdsc:254 - Board STM32H7B3I-EVAL: unknown feature type=Meter, name=, username=Power-metering and Temperature-monitoring with sigma-delta modulators, n=1
2024-10-03 21:28:33,661 [WARN] DbBoardsPdsc:254 - Board STM32H7B3I-EVAL: unknown feature type=Motor, name=, username=Motor Control, n=1
2024-10-03 21:28:33,661 [WARN] DbBoardsPdsc:254 - Board STM32U575I-EV: unknown feature type=joystick, name=, username=4-direction joystick with selection button, n=1
2024-10-03 21:28:33,673 [INFO] DbBoardsJson:86 - JSON generation date=Tue Nov 16 23:17:54 ICT 2021 (1637079474)
2024-10-03 21:28:33,684 [INFO] DbBoards:117 - Found 167 boards (163 are supported by CubeMX)
2024-10-03 21:28:33,685 [WARN] DbBoards:127 - board B-L475E-IOT01A2 has no document id list !
2024-10-03 21:28:33,685 [WARN] DbBoards:127 - board NUCLEO-H743ZI has no document id list !
2024-10-03 21:28:33,685 [WARN] DbBoards:127 - board NUCLEO-WL55JC2 has no document id list !
2024-10-03 21:28:33,686 [WARN] DbBoards:127 - board P-NUCLEO-WB55-Nucleo has no document id list !
2024-10-03 21:28:33,686 [WARN] DbBoards:127 - board P-NUCLEO-WB55-USBDongle has no document id list !
2024-10-03 21:28:33,686 [WARN] DbBoards:127 - board STEVAL-BFA001V1B has no document id list !
2024-10-03 21:28:33,686 [WARN] DbBoards:127 - board STEVAL-BFA001V2B has no document id list !
2024-10-03 21:28:33,686 [WARN] DbBoards:127 - board STEVAL-IDP005V1 has no document id list !
2024-10-03 21:28:33,686 [WARN] DbBoards:127 - board STEVAL-IDP005V2 has no document id list !
2024-10-03 21:28:33,686 [WARN] DbBoards:127 - board STEVAL-MKSBOX1V1 has no document id list !
2024-10-03 21:28:33,686 [WARN] DbBoards:127 - board STEVAL-STWINKT1 has no document id list !
2024-10-03 21:28:33,686 [WARN] DbBoards:127 - board STEVAL-STWINKT1B has no document id list !
2024-10-03 21:28:33,686 [WARN] DbBoards:127 - board STM32439I-EVAL2 has no document id list !
2024-10-03 21:28:33,686 [WARN] DbBoards:127 - board STM32F401C-DISCO has no document id list !
2024-10-03 21:28:33,686 [WARN] DbBoards:127 - board STM32F769I-DISC1 has no document id list !
2024-10-03 21:28:33,686 [WARN] DbBoards:127 - board STM32G474E-EVAL1 has no document id list !
2024-10-03 21:28:33,686 [WARN] DbBoards:127 - board STM32H743I-EVAL2 has no document id list !
2024-10-03 21:28:33,686 [WARN] DbBoards:127 - board STM32H747I-DISC1 has no document id list !
2024-10-03 21:28:33,686 [WARN] DbBoards:127 - board STM32H753I-EVAL2 has no document id list !
2024-10-03 21:28:33,686 [WARN] DbBoards:127 - board STM32L-DISCOVERY has no document id list !
2024-10-03 21:28:33,745 [ERROR] DbBoards:189 - Image file not found for board B-U585I-IOT02A: C:\ST\STM32CubeIDE_1.7.0\STM32CubeIDE\plugins\com.st.stm32cube.common.mx_6.3.0.202107141111\\db\/plugins/mcufinder/images/boards/B-U585I-IOT02A_small.jpg
2024-10-03 21:28:33,816 [ERROR] DbBoards:189 - Image file not found for board NUCLEO-F413ZH: C:\ST\STM32CubeIDE_1.7.0\STM32CubeIDE\plugins\com.st.stm32cube.common.mx_6.3.0.202107141111\\db\/plugins/mcufinder/images/boards/nucleo-f413zh_small.jpg
2024-10-03 21:28:33,957 [ERROR] DbBoards:189 - Image file not found for board NUCLEO-L552ZE-Q: C:\ST\STM32CubeIDE_1.7.0\STM32CubeIDE\plugins\com.st.stm32cube.common.mx_6.3.0.202107141111\\db\/plugins/mcufinder/images/boards/nucleo_l552ze_q_small.jpg
2024-10-03 21:28:33,958 [ERROR] DbBoards:189 - Image file not found for board NUCLEO-U575ZI-Q: C:\ST\STM32CubeIDE_1.7.0\STM32CubeIDE\plugins\com.st.stm32cube.common.mx_6.3.0.202107141111\\db\/plugins/mcufinder/images/boards/nucleo-u575zi-q_small.jpg
2024-10-03 21:28:33,958 [ERROR] DbBoards:189 - Image file not found for board NUCLEO-WB15CC: C:\ST\STM32CubeIDE_1.7.0\STM32CubeIDE\plugins\com.st.stm32cube.common.mx_6.3.0.202107141111\\db\/plugins/mcufinder/images/boards/nucleo-wb15cc_small.jpg
2024-10-03 21:28:33,958 [ERROR] DbBoards:189 - Image file not found for board NUCLEO-WB55RG: C:\ST\STM32CubeIDE_1.7.0\STM32CubeIDE\plugins\com.st.stm32cube.common.mx_6.3.0.202107141111\\db\/plugins/mcufinder/images/boards/nucleo-wb55rg_small.jpg
2024-10-03 21:28:34,552 [INFO] ApiDb:251 - Load user favorites file C:\Users\TIEN DUY/.stm32cubeide/favorites.boards.txt: 0 item(s)
2024-10-03 21:28:34,552 [INFO] ApiDb:255 - User favorites Boards=[]
2024-10-03 21:28:34,553 [INFO] DbBoards:206 - Set 0 / 0 favorites Boards
2024-10-03 21:28:34,561 [INFO] LoadUrlFilesThread:172 - End of LoadServerUrlFiles without Thread
2024-10-03 21:28:34,561 [INFO] TargetSelectorAdapter:224 - Refresh data is successful
2024-10-03 21:28:34,710 [INFO] ApiDb:479 - Connected to CubeFinder SQLite database (C:\Users\TIEN DUY\.stmcufinder\plugins\mcufinder\mcu\cube-finder-db.db)
2024-10-03 21:28:35,250 [ERROR] DbExamplesSqlite:446 - Missing JSON key: board_cpn
2024-10-03 21:28:35,250 [ERROR] DbExamplesSqlite:446 - Missing JSON key: board_cpn
2024-10-03 21:28:35,250 [ERROR] DbExamplesSqlite:446 - Missing JSON key: board_cpn
2024-10-03 21:28:35,250 [ERROR] DbExamplesSqlite:446 - Missing JSON key: board_cpn
2024-10-03 21:28:35,325 [ERROR] DbExamplesSqlite:446 - Missing JSON key: board_cpn
2024-10-03 21:28:35,325 [ERROR] DbExamplesSqlite:446 - Missing JSON key: board_cpn
2024-10-03 21:28:35,325 [ERROR] DbExamplesSqlite:446 - Missing JSON key: board_cpn
2024-10-03 21:28:35,326 [ERROR] DbExamplesSqlite:446 - Missing JSON key: board_cpn
2024-10-03 21:28:35,326 [ERROR] DbExamplesSqlite:446 - Missing JSON key: board_cpn
2024-10-03 21:28:35,326 [ERROR] DbExamplesSqlite:446 - Missing JSON key: board_cpn
2024-10-03 21:28:35,326 [ERROR] DbExamplesSqlite:446 - Missing JSON key: board_cpn
2024-10-03 21:28:35,326 [ERROR] DbExamplesSqlite:446 - Missing JSON key: board_cpn
2024-10-03 21:28:35,326 [ERROR] DbExamplesSqlite:446 - Missing JSON key: board_cpn
2024-10-03 21:28:35,327 [INFO] DbExamplesSqlite:411 - Ignored 28 examples not supported by CubeIDE
2024-10-03 21:28:35,327 [INFO] DbExamplesSqlite:412 - Found 8614 examples active
2024-10-03 21:28:35,327 [INFO] DbExamplesSqlite:413 - Found 0 examples obsolete
2024-10-03 21:28:35,327 [INFO] DbExamplesSqlite:414 - Found 0 examples under development
2024-10-03 21:28:35,327 [INFO] DbExamplesSqlite:415 - Found 10 examples not building
2024-10-03 21:28:35,363 [INFO] DbExamplesSqlite:108 - CubeFinder database Data Model version=2.1
2024-10-03 21:28:35,363 [INFO] DbExamplesSqlite:109 - CubeFinder database Configuration version=3.0.39
2024-10-03 21:28:35,363 [INFO] DbExamplesSqlite:110 - CubeFinder database generation date=2024-09-16 (1726485674)
2024-10-03 21:28:35,363 [INFO] DbExamplesSqlite:111 - CubeFinder database FW Pack versions=[FP-ATR-ASTRA1_V2.0.0, FP-SNS-FLIGHT1_V5.0.2, FP-SNS-MOTENV1_V5.0.0, FP-SNS-MOTENVWB1_V1.4.0, FP-SNS-SMARTAG2_V1.2.0, FP-SNS-STBOX1_V2.0.0, STM32Cube_FW_C0_V1.2.0, STM32Cube_FW_F4_V1.28.1, STM32Cube_FW_F7_V1.17.2, STM32Cube_FW_G0_V1.6.2, STM32Cube_FW_G4_V1.6.0, STM32Cube_FW_H5_V1.3.0, STM32Cube_FW_H7RS_V1.1.0, STM32Cube_FW_H7_V1.11.2, STM32Cube_FW_L0_V1.12.2, STM32Cube_FW_L5_V1.5.1, STM32Cube_FW_U0_V1.1.0, STM32Cube_FW_U5_V1.6.0, STM32Cube_FW_WB0_V1.0.0, STM32Cube_FW_WBA_V1.4.1, STM32Cube_FW_WB_V1.20.0, STM32Cube_FW_WL_V1.3.0, X-CUBE-ALGOBUILD_V1.4.0, X-CUBE-ALS_V1.0.2, X-CUBE-AZRTOS-F4_V1.1.0, X-CUBE-AZRTOS-F7_V1.1.0, X-CUBE-AZRTOS-G0_V1.1.0, X-CUBE-AZRTOS-G4_V2.0.0, X-CUBE-AZRTOS-H7RS_V1.0.0, X-CUBE-AZRTOS-H7_V3.2.0, X-CUBE-AZRTOS-L4_V2.0.0, X-CUBE-AZRTOS-L5_V2.0.0, X-CUBE-AZRTOS-WB_V2.0.0, X-CUBE-AZRTOS-WL_V2.0.0, X-CUBE-BLE1_V7.0.0, X-CUBE-BLE2_V3.3.0, X-CUBE-BLEMGR_V3.1.0, X-CUBE-EEPRMA1_V5.1.0, X-CUBE-FREERTOS_V1.2.0, X-CUBE-GNSS1_V6.0.0, X-CUBE-MEMS1_V11.0.0, X-CUBE-NFC4_V3.0.0, X-CUBE-NFC7_V1.0.1, X-CUBE-SFXS2LP1_V4.0.0, X-CUBE-SUBG2_V5.0.0, X-CUBE-TOF1_V3.4.2]
2024-10-03 21:28:35,364 [INFO] DbExamples:130 - Found 8596 examples
2024-10-03 21:28:35,935 [ERROR] DbExamples:206 - Found 8596 examples with invalid data (board or MCU)
2024-10-03 21:28:35,935 [INFO] DbExamples:222 - Found 80 boards with related examples
2024-10-03 21:28:35,936 [INFO] DbExamples:235 - Found 0 MCUs with related examples
2024-10-03 21:28:35,953 [INFO] ApiDb:242 - User favorites file not found: C:\Users\TIEN DUY/.stm32cubeide/favorites.examples.txt
2024-10-03 21:28:35,953 [INFO] DbExamples:256 - Set 0 / 0 favorites Examples
2024-10-03 21:28:36,054 [INFO] McuFinderGlobals:52 - Set McuFinderConnectedMode to false
2024-10-03 21:28:36,124 [INFO] CrossSelectorPresenter:1330 - Cross Selector saved comparison directory: C:\Users\TIEN DUY\.stmcufinder\plugins\mcufinder\mcu\cs_comparisons_mx
2024-10-03 21:28:36,130 [INFO] MultiScanPanel:197 - Auto-refresh data requested => check proxy status ongoing
2024-10-03 21:28:36,130 [INFO] MultiScanPanel:201 - Proxy status is invalid
2024-10-03 21:28:36,133 [INFO] FinderPluginLoader:87 - Searching for filters in installed packs
2024-10-03 21:28:36,448 [INFO] DetailPanel:309 - Set advertising image to C:/Users/TIEN DUY/STM32Cube/Repository/\en.prom-stm32c071-usb-memories-mcu-finder.png
2024-10-03 21:30:35,180 [INFO] MainUpdater:2671 - connection check result : 10
2024-10-03 21:30:35,180 [INFO] MainUpdater:2671 - connection check result : 10
2024-10-03 21:30:35,212 [INFO] MicroXplorer:448 - Change Database Path : 
2024-10-03 21:30:35,213 [INFO] MicroXplorer:478 - Change Database Version : DB.6.0.30
2024-10-03 21:30:35,213 [WARN] ThirdParty:813 - waiting for thirdparty lock release [close project]
2024-10-03 21:30:35,213 [INFO] ThirdParty:815 - entering critical section [close project]
2024-10-03 21:30:35,216 [INFO] ThirdParty:825 - exiting critical section [close project]
2024-10-03 21:30:35,220 [INFO] PinOutPanel:1463 - setPackage(No Configuration,No Configuration)
2024-10-03 21:30:35,220 [INFO] UtilMem:74 - Begin LoadConfig() Used Memory: 679863064 Bytes (681574400)
2024-10-03 21:30:35,222 [INFO] MicroXplorer:448 - Change Database Path : 
2024-10-03 21:30:35,222 [INFO] MicroXplorer:478 - Change Database Version : DB.6.0.30
2024-10-03 21:30:35,222 [INFO] OpenFileManager:313 - Change cursor
2024-10-03 21:30:35,251 [WARN] IntegrityCheckThread:78 - waiting for thirdparty lock release [integrity check]
2024-10-03 21:30:35,251 [INFO] IntegrityCheckThread:80 - entering critical section [integrity check]
2024-10-03 21:30:35,375 [ERROR] Engine:463 - C:\Users\TIEN DUY\.stm32cubemx\thirdparties\pdsc\STMicroelectronics.FP-SNS-MOTENVWB1.1.4.0.pdsc: PDSC version is not supported
2024-10-03 21:30:35,380 [ERROR] Engine:463 - C:\Users\TIEN DUY\.stm32cubemx\thirdparties\pdsc\STMicroelectronics.X-CUBE-SMBUS.2.1.0.pdsc: PDSC version is not supported
2024-10-03 21:30:35,414 [WARN] PackLoader:238 - Cannot read IP mode file for STMicroelectronics.X-CUBE-WB05N.1.1.0
2024-10-03 21:30:35,450 [WARN] PackLoader:238 - Cannot read IP mode file for STMicroelectronics.X-CUBE-AZRTOS-F7.1.1.0
2024-10-03 21:30:35,511 [WARN] PackLoader:238 - Cannot read IP mode file for STMicroelectronics.X-CUBE-MEMS1.11.0.0
2024-10-03 21:30:35,685 [ERROR] Engine:463 - C:\Users\TIEN DUY\.stm32cubemx\thirdparties\pdsc\STMicroelectronics.FP-SNS-FLIGHT1.5.0.2.pdsc: PDSC version is not supported
2024-10-03 21:30:35,688 [ERROR] Engine:463 - C:\Users\TIEN DUY\.stm32cubemx\thirdparties\pdsc\STMicroelectronics.X-CUBE-DISPLAY.3.0.0.pdsc: PDSC version is not supported
2024-10-03 21:30:35,691 [WARN] PackLoader:238 - Cannot read IP mode file for STMicroelectronics.X-CUBE-BLE1.7.0.0
2024-10-03 21:30:35,695 [WARN] PackLoader:238 - Cannot read IP mode file for STMicroelectronics.X-CUBE-NFC10.1.0.0
2024-10-03 21:30:35,701 [ERROR] Engine:463 - C:\Users\TIEN DUY\.stm32cubemx\thirdparties\pdsc\emotas.I-CUBE-CANOPEN.1.3.0.pdsc: PDSC version is not supported
2024-10-03 21:30:35,705 [ERROR] Engine:463 - C:\Users\TIEN DUY\.stm32cubemx\thirdparties\pdsc\STMicroelectronics.X-CUBE-BLEMGR.3.1.0.pdsc: PDSC version is not supported
2024-10-03 21:30:35,708 [ERROR] Engine:463 - C:\Users\TIEN DUY\.stm32cubemx\thirdparties\pdsc\STMicroelectronics.FP-SNS-SMARTAG2.1.2.0.pdsc: PDSC version is not supported
2024-10-03 21:30:35,716 [INFO] LogOutputStream:76 - [STDOUT_REDIRECT] 1 : Invalid condition id : UX_CORESTACK_Condition cause : null
2024-10-03 21:30:35,717 [INFO] LogOutputStream:76 - [STDOUT_REDIRECT] 1 : Invalid condition id : UX_CORESTACK_Condition cause : null
2024-10-03 21:30:35,718 [INFO] LogOutputStream:76 - [STDOUT_REDIRECT] 1 : Invalid condition id : UX_CORESTACK_Condition cause : null
2024-10-03 21:30:35,720 [INFO] LogOutputStream:76 - [STDOUT_REDIRECT] 1 : Invalid condition id : UX_CORESTACK_Condition cause : null
2024-10-03 21:30:35,721 [INFO] LogOutputStream:76 - [STDOUT_REDIRECT] 1 : Invalid condition id : UX_CORESTACK_Condition cause : null
2024-10-03 21:30:35,724 [WARN] PackLoader:238 - Cannot read IP mode file for STMicroelectronics.X-CUBE-AZRTOS-WL.2.0.0
2024-10-03 21:30:35,727 [ERROR] Engine:463 - C:\Users\TIEN DUY\.stm32cubemx\thirdparties\pdsc\STMicroelectronics.FP-SNS-MOTENV1.5.0.0.pdsc: PDSC version is not supported
2024-10-03 21:30:35,729 [WARN] PackLoader:238 - Cannot read IP mode file for wolfSSL.I-CUBE-wolfMQTT.1.19.0
2024-10-03 21:30:35,742 [WARN] PackLoader:238 - Cannot read IP mode file for WES.I-CUBE-Cesium.1.3.0
2024-10-03 21:30:35,745 [WARN] PackLoader:238 - Cannot read IP mode file for STMicroelectronics.X-CUBE-BLE2.3.3.0
2024-10-03 21:30:35,751 [WARN] PackLoader:238 - Cannot read IP mode file for STMicroelectronics.X-CUBE-NFC9.1.0.0
2024-10-03 21:30:35,763 [ERROR] Engine:463 - C:\Users\TIEN DUY\.stm32cubemx\thirdparties\pdsc\STMicroelectronics.X-CUBE-TCPP.4.1.0.pdsc: PDSC version is not supported
2024-10-03 21:30:35,796 [WARN] PackLoader:238 - Cannot read IP mode file for STMicroelectronics.X-CUBE-AZRTOS-G0.1.1.0
2024-10-03 21:30:35,824 [WARN] PackLoader:238 - Cannot read IP mode file for STMicroelectronics.X-CUBE-SAFEA1.1.2.2
2024-10-03 21:30:35,852 [WARN] PackLoader:238 - Cannot read IP mode file for STMicroelectronics.X-CUBE-NFC4.3.0.0
2024-10-03 21:30:35,871 [ERROR] Engine:463 - C:\Users\TIEN DUY\.stm32cubemx\thirdparties\pdsc\EmbeddedOffice.I-CUBE-FS-RTOS.1.0.1.pdsc: PDSC version is not supported
2024-10-03 21:30:35,875 [ERROR] Engine:463 - C:\Users\TIEN DUY\.stm32cubemx\thirdparties\pdsc\RealThread.X-CUBE-RT-Thread_Nano.4.1.1.pdsc: PDSC version is not supported
2024-10-03 21:30:35,882 [WARN] PackLoader:238 - Cannot read IP mode file for STMicroelectronics.FP-ATR-SIGFOX1.3.2.0
2024-10-03 21:30:35,889 [WARN] PackLoader:238 - Cannot read IP mode file for wolfSSL.I-CUBE-wolfSSL.5.7.2
2024-10-03 21:30:35,897 [WARN] PackLoader:238 - Cannot read IP mode file for STMicroelectronics.X-CUBE-EEPRMA1.5.1.0
2024-10-03 21:30:35,912 [ERROR] Engine:463 - C:\Users\TIEN DUY\.stm32cubemx\thirdparties\pdsc\ITTIA_DB.I-CUBE-ITTIADB.8.9.0.pdsc: PDSC version is not supported
2024-10-03 21:30:35,944 [WARN] PackLoader:238 - Cannot read IP mode file for SEGGER.I-CUBE-embOS.1.3.1
2024-10-03 21:30:35,988 [WARN] PackLoader:238 - Cannot read IP mode file for STMicroelectronics.X-CUBE-ALGOBUILD.1.4.0
2024-10-03 21:30:35,992 [WARN] PackLoader:238 - Cannot read IP mode file for STMicroelectronics.X-CUBE-AI.9.1.0
2024-10-03 21:30:36,013 [WARN] PackLoader:238 - Cannot read IP mode file for STMicroelectronics.X-CUBE-AZRTOS-F4.1.1.0
2024-10-03 21:30:36,020 [WARN] PackLoader:238 - Cannot read IP mode file for STMicroelectronics.X-CUBE-ISPU.2.1.0
2024-10-03 21:30:36,023 [ERROR] Engine:463 - C:\Users\TIEN DUY\.stm32cubemx\thirdparties\pdsc\STMicroelectronics.X-CUBE-FREERTOS.1.2.0.pdsc: PDSC version is not supported
2024-10-03 21:30:36,038 [WARN] PackLoader:238 - Cannot read IP mode file for STMicroelectronics.X-CUBE-AZRTOS-L5.2.0.0
2024-10-03 21:30:36,051 [WARN] PackLoader:238 - Cannot read IP mode file for STMicroelectronics.X-CUBE-NFC6.3.1.0
2024-10-03 21:30:36,055 [ERROR] Engine:463 - C:\Users\TIEN DUY\.stm32cubemx\thirdparties\pdsc\STMicroelectronics.X-CUBE-DPower.1.2.0.pdsc: PDSC version is not supported
2024-10-03 21:30:36,057 [WARN] PackLoader:238 - Cannot read IP mode file for STMicroelectronics.X-CUBE-AI.9.0.0
2024-10-03 21:30:36,062 [WARN] PackLoader:238 - Cannot read IP mode file for STMicroelectronics.X-CUBE-NFC7.1.0.1
2024-10-03 21:30:36,077 [WARN] ConditionMgr:437 - getConditionDescription Invalid condition id : LAN8742 Phy interface Condition cause : null
2024-10-03 21:30:36,077 [WARN] PackLoader:238 - Cannot read IP mode file for STMicroelectronics.X-CUBE-AZRTOS-L4.2.0.0
2024-10-03 21:30:36,078 [WARN] ConditionMgr:1038 - genDependencies : Invalid condition id : LAN8742 Phy interface Condition cause : null
2024-10-03 21:30:36,079 [WARN] ConditionMgr:1038 - genDependencies : Invalid condition id : LAN8742 Phy interface Condition cause : null
2024-10-03 21:30:36,079 [WARN] ConditionMgr:1038 - genDependencies : Invalid condition id : LAN8742 Phy interface Condition cause : null
2024-10-03 21:30:36,085 [WARN] PackLoader:238 - Cannot read IP mode file for STMicroelectronics.X-CUBE-SFXS2LP1.4.0.0
2024-10-03 21:30:36,113 [WARN] PackLoader:238 - Cannot read IP mode file for STMicroelectronics.X-CUBE-AZRTOS-H7.3.3.0
2024-10-03 21:30:36,128 [WARN] ConditionMgr:437 - getConditionDescription Invalid condition id : UX DEVICE CLASS RTOS Condition cause : null
2024-10-03 21:30:36,128 [WARN] ConditionMgr:437 - getConditionDescription Invalid condition id : UX DEVICE CLASS RTOS Condition cause : null
2024-10-03 21:30:36,131 [WARN] PackLoader:238 - Cannot read IP mode file for STMicroelectronics.X-CUBE-AZRTOS-WB.2.0.0
2024-10-03 21:30:36,132 [WARN] ConditionMgr:1038 - genDependencies : Invalid condition id : UX DEVICE CLASS RTOS Condition cause : null
2024-10-03 21:30:36,132 [WARN] ConditionMgr:1038 - genDependencies : Invalid condition id : UX DEVICE CLASS RTOS Condition cause : null
2024-10-03 21:30:36,133 [WARN] ConditionMgr:1038 - genDependencies : Invalid condition id : UX DEVICE CLASS RTOS Condition cause : null
2024-10-03 21:30:36,133 [WARN] ConditionMgr:1038 - genDependencies : Invalid condition id : UX DEVICE CLASS RTOS Condition cause : null
2024-10-03 21:30:36,133 [WARN] ConditionMgr:1038 - genDependencies : Invalid condition id : UX DEVICE CLASS RTOS Condition cause : null
2024-10-03 21:30:36,138 [WARN] PackLoader:238 - Cannot read IP mode file for STMicroelectronics.X-CUBE-GNSS1.7.0.0
2024-10-03 21:30:36,142 [ERROR] Engine:463 - C:\Users\TIEN DUY\.stm32cubemx\thirdparties\pdsc\STMicroelectronics.FP-SNS-STBOX1.2.0.0.pdsc: PDSC version is not supported
2024-10-03 21:30:36,155 [WARN] PackLoader:238 - Cannot read IP mode file for STMicroelectronics.X-CUBE-SUBG2.5.0.0
2024-10-03 21:30:36,160 [ERROR] Engine:463 - C:\Users\TIEN DUY\.stm32cubemx\thirdparties\pdsc\Cesanta.I-CUBE-Mongoose.7.13.0.pdsc: PDSC version is not supported
2024-10-03 21:30:36,178 [WARN] PackLoader:238 - Cannot read IP mode file for STMicroelectronics.X-CUBE-AZRTOS-G4.2.0.0
2024-10-03 21:30:36,184 [WARN] PackLoader:238 - Cannot read IP mode file for STMicroelectronics.X-CUBE-ISPU.2.0.0
2024-10-03 21:30:36,186 [ERROR] Engine:463 - C:\Users\TIEN DUY\.stm32cubemx\thirdparties\pdsc\STMicroelectronics.X-CUBE-ALS.1.0.2.pdsc: PDSC version is not supported
2024-10-03 21:30:36,189 [WARN] PackLoader:238 - Cannot read IP mode file for STMicroelectronics.X-CUBE-TOUCHGFX.4.24.0
2024-10-03 21:30:36,192 [WARN] PackLoader:238 - Cannot read IP mode file for STMicroelectronics.X-CUBE-TOUCHGFX.4.24.1
2024-10-03 21:30:36,194 [WARN] PackLoader:238 - Cannot read IP mode file for wolfSSL.I-CUBE-wolfTPM.3.4.0
2024-10-03 21:30:36,198 [WARN] PackLoader:238 - Cannot read IP mode file for portGmbH.I-Cube-SoM-uGOAL.1.1.0
2024-10-03 21:30:36,220 [WARN] PackLoader:238 - Cannot read IP mode file for STMicroelectronics.X-CUBE-AZRTOS-H7RS.1.0.0
2024-10-03 21:30:36,225 [WARN] PackLoader:238 - Cannot read IP mode file for STMicroelectronics.FP-ATR-ASTRA1.2.0.0
2024-10-03 21:30:36,230 [ERROR] Engine:463 - C:\Users\TIEN DUY\.stm32cubemx\thirdparties\pdsc\STMicroelectronics.X-CUBE-TOF1.3.4.2.pdsc: PDSC version is not supported
2024-10-03 21:30:36,235 [ERROR] Engine:463 - C:\Users\TIEN DUY\.stm32cubemx\thirdparties\pdsc\Infineon.AIROC-Wi-Fi-Bluetooth-STM32.1.6.1.pdsc: PDSC version is not supported
2024-10-03 21:30:36,238 [WARN] PackLoader:238 - Cannot read IP mode file for wolfSSL.I-CUBE-wolfSSH.1.4.17
2024-10-03 21:30:36,238 [INFO] ThirdParty:915 - Integrity check success = true
2024-10-03 21:30:36,238 [INFO] IntegrityCheckThread:94 - exiting critical section [integrity check]
2024-10-03 21:30:36,238 [INFO] IntegrityCheckThread:97 - End integrity checks thread
2024-10-03 21:30:36,720 [INFO] Context:592 - Trying to add GPIOservice into a context  which must be forbidden
2024-10-03 21:30:36,886 [INFO] ImportTextPane:167 - (OptionalMessage_ERROR) Unable to find key (Mcu.ThirdPartyNb) in loaded IOC file
2024-10-03 21:30:36,886 [INFO] ImportTextPane:167 - (OptionalMessage_ERROR) Unable to find key (Mcu.PinsNb) in loaded IOC file
2024-10-03 21:30:36,886 [INFO] ImportTextPane:167 - (OptionalMessage_ERROR) Unable to find key (Mcu.IPNb) in loaded IOC file
2024-10-03 21:30:36,930 [WARN] ApiManager:304 - Cannot register API 'Board Extension:NFC09A1' from pack STMicroelectronics.X-CUBE-NFC9.1.0.0: no header file found
2024-10-03 21:30:36,933 [WARN] ApiManager:304 - Cannot register API 'Wireless:STM32WB05N' from pack STMicroelectronics.X-CUBE-WB05N.1.1.0: no header file found
2024-10-03 21:30:36,935 [WARN] ApiManager:304 - Cannot register API 'Board Extension:GNSS1A1' from pack STMicroelectronics.X-CUBE-GNSS1.7.0.0: no header file found
2024-10-03 21:30:36,935 [WARN] ApiManager:304 - Cannot register API 'Board Support:Custom' from pack STMicroelectronics.X-CUBE-GNSS1.7.0.0: no header file found
2024-10-03 21:30:36,935 [WARN] ApiManager:304 - Cannot register API 'Data Exchange:lib_gnss' from pack STMicroelectronics.X-CUBE-GNSS1.7.0.0: no header file found
2024-10-03 21:30:36,941 [WARN] ApiManager:304 - Cannot register API 'Board Extension:NFC06A1' from pack STMicroelectronics.X-CUBE-NFC6.3.1.0: no header file found
2024-10-03 21:30:36,941 [WARN] ApiManager:304 - Cannot register API 'Board Extension:NFC08A1' from pack STMicroelectronics.X-CUBE-NFC6.3.1.0: no header file found
2024-10-03 21:30:37,118 [WARN] ApiManager:304 - Cannot register API 'Board Extension:IKS01A3' from pack STMicroelectronics.X-CUBE-MEMS1.11.0.0: no header file found
2024-10-03 21:30:37,118 [WARN] ApiManager:304 - Cannot register API 'Board Extension:IKS02A1' from pack STMicroelectronics.X-CUBE-MEMS1.11.0.0: no header file found
2024-10-03 21:30:37,118 [WARN] ApiManager:304 - Cannot register API 'Board Extension:IKS4A1' from pack STMicroelectronics.X-CUBE-MEMS1.11.0.0: no header file found
2024-10-03 21:30:37,125 [INFO] RtosManager:484 - Registered RTOS mode: class=CMSIS, group=RTOS, mode=CMSIS_V1, owner=FREERTOS
2024-10-03 21:30:37,125 [INFO] RtosManager:484 - Registered RTOS mode: class=CMSIS, group=RTOS2, mode=CMSIS_V2, owner=FREERTOS
2024-10-03 21:30:37,125 [INFO] RtosManager:484 - Registered RTOS mode: class=RTOS, group=Core, mode=CMSIS_V1, owner=FREERTOS
2024-10-03 21:30:37,125 [INFO] RtosManager:484 - Registered RTOS mode: class=RTOS, group=Core, mode=CMSIS_V2, owner=FREERTOS
2024-10-03 21:30:37,125 [WARN] ModelIntegratedComponent:181 - Missing modes for component STMicroelectronics:FreeRTOS:0.0.1:STMicroelectronics:RTOS:FreeRTOS:Core:::10.2.0:
2024-10-03 21:30:37,127 [WARN] ApiManager:304 - Cannot register API 'Board Extension:STSAFEA1' from pack STMicroelectronics.X-CUBE-SAFEA1.1.2.2: no header file found
2024-10-03 21:30:37,127 [WARN] ApiManager:304 - Cannot register API 'Board Part:STSAFEA110' from pack STMicroelectronics.X-CUBE-SAFEA1.1.2.2: no header file found
2024-10-03 21:30:37,127 [WARN] ApiManager:304 - Cannot register API 'Security:ST_Cryptolib' from pack STMicroelectronics.X-CUBE-SAFEA1.1.2.2: no header file found
2024-10-03 21:30:37,127 [WARN] ApiManager:304 - Cannot register API 'Security:MbedTLS' from pack STMicroelectronics.X-CUBE-SAFEA1.1.2.2: no header file found
2024-10-03 21:30:37,127 [WARN] ApiManager:304 - Cannot register API 'Board Extension:NFC04A1' from pack STMicroelectronics.X-CUBE-NFC4.3.0.0: no header file found
2024-10-03 21:30:37,129 [WARN] ApiManager:304 - Cannot register API 'Board Extension:S2868A1' from pack STMicroelectronics.X-CUBE-SUBG2.5.0.0: no header file found
2024-10-03 21:30:37,129 [WARN] ApiManager:304 - Cannot register API 'Board Extension:S2868A2' from pack STMicroelectronics.X-CUBE-SUBG2.5.0.0: no header file found
2024-10-03 21:30:37,130 [WARN] ApiManager:304 - Cannot register API 'Board Extension:S2915A1' from pack STMicroelectronics.X-CUBE-SUBG2.5.0.0: no header file found
2024-10-03 21:30:37,131 [WARN] ApiManager:304 - Cannot register API 'Wireless:BlueNRG-MS' from pack STMicroelectronics.X-CUBE-BLE1.7.0.0: no header file found
2024-10-03 21:30:37,133 [WARN] ApiManager:304 - Cannot register API 'Board Extension:NFC10A1' from pack STMicroelectronics.X-CUBE-NFC10.1.0.0: no header file found
2024-10-03 21:30:37,133 [WARN] ApiManager:304 - Cannot register API 'Board Extension:EEPRMA2' from pack STMicroelectronics.X-CUBE-EEPRMA1.5.1.0: no header file found
2024-10-03 21:30:37,133 [WARN] ApiManager:304 - Cannot register API 'Board Extension:PGEEZ1' from pack STMicroelectronics.X-CUBE-EEPRMA1.5.1.0: no header file found
2024-10-03 21:30:37,133 [WARN] ApiManager:304 - Cannot register API 'Board Extension:EEICA1' from pack STMicroelectronics.X-CUBE-EEPRMA1.5.1.0: no header file found
2024-10-03 21:30:37,133 [WARN] ApiManager:304 - Cannot register API 'Board Part:M24' from pack STMicroelectronics.X-CUBE-EEPRMA1.5.1.0: no header file found
2024-10-03 21:30:37,133 [WARN] ApiManager:304 - Cannot register API 'Board Part:M95' from pack STMicroelectronics.X-CUBE-EEPRMA1.5.1.0: no header file found
2024-10-03 21:30:37,133 [WARN] ApiManager:304 - Cannot register API 'Board Part:M95P32' from pack STMicroelectronics.X-CUBE-EEPRMA1.5.1.0: no header file found
2024-10-03 21:30:37,133 [WARN] ApiManager:304 - Cannot register API 'Board Part:M24256E-F' from pack STMicroelectronics.X-CUBE-EEPRMA1.5.1.0: no header file found
2024-10-03 21:30:37,133 [WARN] ApiManager:304 - Cannot register API 'Board Part:M24M01E-F' from pack STMicroelectronics.X-CUBE-EEPRMA1.5.1.0: no header file found
2024-10-03 21:30:37,133 [WARN] ApiManager:304 - Cannot register API 'PGEEZ1:SPI' from pack STMicroelectronics.X-CUBE-EEPRMA1.5.1.0: no header file found
2024-10-03 21:30:37,133 [WARN] ApiManager:304 - Cannot register API 'PGEEZ1:QDSPI' from pack STMicroelectronics.X-CUBE-EEPRMA1.5.1.0: no header file found
2024-10-03 21:30:37,135 [WARN] ModelIntegratedComponent:60 - No mode defined for component null
2024-10-03 21:30:37,136 [WARN] ModelIntegratedComponent:60 - No mode defined for component null
2024-10-03 21:30:37,136 [WARN] ModelIntegratedComponent:60 - No mode defined for component null
2024-10-03 21:30:37,136 [WARN] ModelIntegratedComponent:60 - No mode defined for component null
2024-10-03 21:30:37,136 [WARN] ModelIntegratedComponent:60 - No mode defined for component null
2024-10-03 21:30:37,136 [WARN] ModelIntegratedComponent:60 - No mode defined for component null
2024-10-03 21:30:37,136 [WARN] ModelIntegratedComponent:60 - No mode defined for component null
2024-10-03 21:30:37,136 [WARN] ModelIntegratedComponent:60 - No mode defined for component null
2024-10-03 21:30:37,136 [WARN] ModelIntegratedComponent:60 - No mode defined for component null
2024-10-03 21:30:37,136 [WARN] ModelIntegratedComponent:60 - No mode defined for component null
2024-10-03 21:30:37,136 [WARN] ModelIntegratedComponent:60 - No mode defined for component null
2024-10-03 21:30:37,136 [WARN] ModelIntegratedComponent:60 - No mode defined for component null
2024-10-03 21:30:37,136 [WARN] ModelIntegratedComponent:60 - No mode defined for component null
2024-10-03 21:30:37,136 [WARN] ModelIntegratedComponent:60 - No mode defined for component null
2024-10-03 21:30:37,136 [WARN] ModelIntegratedComponent:60 - No mode defined for component null
2024-10-03 21:30:37,136 [WARN] ModelIntegratedComponent:60 - No mode defined for component null
2024-10-03 21:30:37,136 [WARN] ModelIntegratedComponent:60 - No mode defined for component null
2024-10-03 21:30:37,136 [WARN] ModelIntegratedComponent:60 - No mode defined for component null
2024-10-03 21:30:37,136 [WARN] ModelIntegratedComponent:60 - No mode defined for component null
2024-10-03 21:30:37,136 [WARN] ModelIntegratedComponent:60 - No mode defined for component null
2024-10-03 21:30:37,136 [WARN] ModelIntegratedComponent:60 - No mode defined for component null
2024-10-03 21:30:37,136 [WARN] ModelIntegratedComponent:60 - No mode defined for component null
2024-10-03 21:30:37,136 [WARN] ModelIntegratedComponent:60 - No mode defined for component null
2024-10-03 21:30:37,136 [WARN] ModelIntegratedComponent:60 - No mode defined for component null
2024-10-03 21:30:37,136 [WARN] ModelIntegratedComponent:60 - No mode defined for component null
2024-10-03 21:30:37,136 [WARN] ModelIntegratedComponent:60 - No mode defined for component null
2024-10-03 21:30:37,136 [WARN] ModelIntegratedComponent:60 - No mode defined for component null
2024-10-03 21:30:37,136 [WARN] ModelIntegratedComponent:60 - No mode defined for component null
2024-10-03 21:30:37,136 [WARN] ModelIntegratedComponent:60 - No mode defined for component null
2024-10-03 21:30:37,136 [WARN] ModelIntegratedComponent:60 - No mode defined for component null
2024-10-03 21:30:37,136 [WARN] ModelIntegratedComponent:60 - No mode defined for component null
2024-10-03 21:30:37,138 [WARN] ApiManager:304 - Cannot register API 'Board Extension:NFC07A1' from pack STMicroelectronics.X-CUBE-NFC7.1.0.1: no header file found
2024-10-03 21:30:37,144 [WARN] ApiManager:304 - Cannot register API 'Board Extension:S2868A1' from pack STMicroelectronics.X-CUBE-SFXS2LP1.4.0.0: no header file found
2024-10-03 21:30:37,144 [WARN] ApiManager:304 - Cannot register API 'Board Extension:S2868A2' from pack STMicroelectronics.X-CUBE-SFXS2LP1.4.0.0: no header file found
2024-10-03 21:30:37,145 [WARN] ApiManager:304 - Cannot register API 'Board Extension:S2915A1' from pack STMicroelectronics.X-CUBE-SFXS2LP1.4.0.0: no header file found
2024-10-03 21:30:37,145 [WARN] ApiManager:304 - Cannot register API 'Wireless:BlueNRG-2' from pack STMicroelectronics.X-CUBE-BLE2.3.3.0: no header file found
2024-10-03 21:30:38,582 [INFO] UtilMem:74 - End LoadConfig() Used Memory: 668814448 Bytes (794820608)
2024-10-03 21:30:38,585 [WARN] ThirdParty:779 - waiting for thirdparty lock release [change project]
2024-10-03 21:30:38,585 [INFO] ThirdParty:781 - entering critical section [change project]
2024-10-03 21:30:38,585 [INFO] ThirdParty:967 - CMSIS Pack Vendor :STMicroelectronics X-CUBE-AZRTOS-H7 3.3.0
2024-10-03 21:30:38,585 [INFO] ThirdParty:967 - CMSIS Pack Vendor :STMicroelectronics X-CUBE-NFC9 1.0.0
2024-10-03 21:30:38,585 [INFO] ThirdParty:967 - CMSIS Pack Vendor :STMicroelectronics USB_HOST 2.0.0
2024-10-03 21:30:38,585 [INFO] ThirdParty:967 - CMSIS Pack Vendor :STMicroelectronics X-CUBE-AZRTOS-F4 1.1.0
2024-10-03 21:30:38,585 [INFO] ThirdParty:967 - CMSIS Pack Vendor :STMicroelectronics X-CUBE-WB05N 1.1.0
2024-10-03 21:30:38,586 [INFO] ThirdParty:967 - CMSIS Pack Vendor :STMicroelectronics USB_DEVICE 3.0.0
2024-10-03 21:30:38,586 [INFO] ThirdParty:967 - CMSIS Pack Vendor :STMicroelectronics X-CUBE-ISPU 2.1.0
2024-10-03 21:30:38,586 [INFO] ThirdParty:967 - CMSIS Pack Vendor :STMicroelectronics X-CUBE-AZRTOS-WB 2.0.0
2024-10-03 21:30:38,586 [INFO] ThirdParty:967 - CMSIS Pack Vendor :STMicroelectronics X-CUBE-GNSS1 7.0.0
2024-10-03 21:30:38,586 [INFO] ThirdParty:967 - CMSIS Pack Vendor :STMicroelectronics X-CUBE-AZRTOS-F7 1.1.0
2024-10-03 21:30:38,586 [INFO] ThirdParty:967 - CMSIS Pack Vendor :STMicroelectronics X-CUBE-AZRTOS-L5 2.0.0
2024-10-03 21:30:38,586 [INFO] ThirdParty:967 - CMSIS Pack Vendor :STMicroelectronics USB_DEVICE 2.0.0
2024-10-03 21:30:38,586 [INFO] ThirdParty:967 - CMSIS Pack Vendor :STMicroelectronics X-CUBE-NFC6 3.1.0
2024-10-03 21:30:38,586 [INFO] ThirdParty:967 - CMSIS Pack Vendor :STMicroelectronics X-CUBE-MEMS1 11.0.0
2024-10-03 21:30:38,586 [INFO] ThirdParty:967 - CMSIS Pack Vendor :STMicroelectronics FreeRTOS 0.0.1
2024-10-03 21:30:38,586 [INFO] ThirdParty:967 - CMSIS Pack Vendor :STMicroelectronics X-CUBE-AZRTOS-G0 1.1.0
2024-10-03 21:30:38,586 [INFO] ThirdParty:967 - CMSIS Pack Vendor :STMicroelectronics X-CUBE-SAFEA1 1.2.2
2024-10-03 21:30:38,586 [INFO] ThirdParty:967 - CMSIS Pack Vendor :STMicroelectronics X-CUBE-NFC4 3.0.0
2024-10-03 21:30:38,586 [INFO] ThirdParty:967 - CMSIS Pack Vendor :STMicroelectronics X-CUBE-SUBG2 5.0.0
2024-10-03 21:30:38,586 [INFO] ThirdParty:967 - CMSIS Pack Vendor :STMicroelectronics lwIP 2.0.3
2024-10-03 21:30:38,587 [INFO] ThirdParty:967 - CMSIS Pack Vendor :STMicroelectronics USB_HOST 1.0.0
2024-10-03 21:30:38,587 [INFO] ThirdParty:967 - CMSIS Pack Vendor :STMicroelectronics X-CUBE-AI 9.0.0
2024-10-03 21:30:38,587 [INFO] ThirdParty:967 - CMSIS Pack Vendor :STMicroelectronics X-CUBE-AZRTOS-G4 2.0.0
2024-10-03 21:30:38,587 [INFO] ThirdParty:967 - CMSIS Pack Vendor :STMicroelectronics PDM2PCM 3.1.0
2024-10-03 21:30:38,587 [INFO] ThirdParty:967 - CMSIS Pack Vendor :STMicroelectronics PDM2PCM 3.3.0
2024-10-03 21:30:38,587 [INFO] ThirdParty:967 - CMSIS Pack Vendor :STMicroelectronics X-CUBE-BLE1 7.0.0
2024-10-03 21:30:38,587 [INFO] ThirdParty:967 - CMSIS Pack Vendor :STMicroelectronics FP-ATR-SIGFOX1 3.2.0
2024-10-03 21:30:38,587 [INFO] ThirdParty:967 - CMSIS Pack Vendor :STMicroelectronics X-CUBE-NFC10 1.0.0
2024-10-03 21:30:38,587 [INFO] ThirdParty:967 - CMSIS Pack Vendor :wolfSSL I-CUBE-wolfSSL 5.7.2
2024-10-03 21:30:38,587 [INFO] ThirdParty:967 - CMSIS Pack Vendor :STMicroelectronics X-CUBE-ISPU 2.0.0
2024-10-03 21:30:38,587 [INFO] ThirdParty:967 - CMSIS Pack Vendor :STMicroelectronics X-CUBE-EEPRMA1 5.1.0
2024-10-03 21:30:38,587 [INFO] ThirdParty:967 - CMSIS Pack Vendor :STMicroelectronics HAL Drivers 0.0.0
2024-10-03 21:30:38,587 [INFO] ThirdParty:967 - CMSIS Pack Vendor :STMicroelectronics MBEDTLS 2.16.2
2024-10-03 21:30:38,587 [INFO] ThirdParty:967 - CMSIS Pack Vendor :STMicroelectronics X-CUBE-NFC7 1.0.1
2024-10-03 21:30:38,587 [INFO] ThirdParty:967 - CMSIS Pack Vendor :STMicroelectronics MBEDTLS 2.14.1
2024-10-03 21:30:38,587 [INFO] ThirdParty:967 - CMSIS Pack Vendor :STMicroelectronics X-CUBE-TOUCHGFX 4.24.0
2024-10-03 21:30:38,587 [INFO] ThirdParty:967 - CMSIS Pack Vendor :STMicroelectronics X-CUBE-TOUCHGFX 4.24.1
2024-10-03 21:30:38,587 [INFO] ThirdParty:967 - CMSIS Pack Vendor :wolfSSL I-CUBE-wolfTPM 3.4.0
2024-10-03 21:30:38,587 [INFO] ThirdParty:967 - CMSIS Pack Vendor :portGmbH I-Cube-SoM-uGOAL 1.1.0
2024-10-03 21:30:38,587 [INFO] ThirdParty:967 - CMSIS Pack Vendor :STMicroelectronics X-CUBE-AZRTOS-WL 2.0.0
2024-10-03 21:30:38,587 [INFO] ThirdParty:967 - CMSIS Pack Vendor :SEGGER I-CUBE-embOS 1.3.1
2024-10-03 21:30:38,587 [INFO] ThirdParty:967 - CMSIS Pack Vendor :STMicroelectronics X-CUBE-ALGOBUILD 1.4.0
2024-10-03 21:30:38,588 [INFO] ThirdParty:967 - CMSIS Pack Vendor :STMicroelectronics USB_DEVICE 1.0.0
2024-10-03 21:30:38,588 [INFO] ThirdParty:967 - CMSIS Pack Vendor :STMicroelectronics X-CUBE-AZRTOS-H7RS 1.0.0
2024-10-03 21:30:38,588 [INFO] ThirdParty:967 - CMSIS Pack Vendor :wolfSSL I-CUBE-wolfMQTT 1.19.0
2024-10-03 21:30:38,588 [INFO] ThirdParty:967 - CMSIS Pack Vendor :STMicroelectronics X-CUBE-AZRTOS-L4 2.0.0
2024-10-03 21:30:38,588 [INFO] ThirdParty:967 - CMSIS Pack Vendor :STMicroelectronics ThreadX 0.0.2
2024-10-03 21:30:38,588 [INFO] ThirdParty:967 - CMSIS Pack Vendor :WES I-CUBE-Cesium 1.3.0
2024-10-03 21:30:38,588 [INFO] ThirdParty:967 - CMSIS Pack Vendor :STMicroelectronics FP-ATR-ASTRA1 2.0.0
2024-10-03 21:30:38,588 [INFO] ThirdParty:967 - CMSIS Pack Vendor :STMicroelectronics lwIP 2.1.2
2024-10-03 21:30:38,588 [INFO] ThirdParty:967 - CMSIS Pack Vendor :STMicroelectronics X-CUBE-SFXS2LP1 4.0.0
2024-10-03 21:30:38,588 [INFO] ThirdParty:967 - CMSIS Pack Vendor :STMicroelectronics X-CUBE-BLE2 3.3.0
2024-10-03 21:30:38,588 [INFO] ThirdParty:967 - CMSIS Pack Vendor :STMicroelectronics X-CUBE-AI 9.1.0
2024-10-03 21:30:38,588 [INFO] ThirdParty:967 - CMSIS Pack Vendor :STMicroelectronics PDM2PCM 3.2.0
2024-10-03 21:30:38,588 [INFO] ThirdParty:967 - CMSIS Pack Vendor :wolfSSL I-CUBE-wolfSSH 1.4.17
2024-10-03 21:30:38,588 [INFO] ThirdParty:787 - exiting critical section [change project]
2024-10-03 21:30:38,787 [INFO] PinOutPanel:1463 - setPackage(No Configuration,No Configuration)
2024-10-03 21:30:38,788 [INFO] PinOutPanel:1463 - setPackage(STM32F103C6Ux,UFQFPN48)
2024-10-03 21:30:39,074 [INFO] UtilMem:74 - Before build in PCC Used Memory: 651453904 Bytes (794820608)
2024-10-03 21:30:39,514 [INFO] UtilMem:74 - After build in PCC Used Memory: 678166000 Bytes (794820608)
2024-10-03 21:30:39,529 [INFO] IPUIPlugin:74 - create IPUIPlugin
2024-10-03 21:30:39,531 [INFO] IPUIPlugin:74 - create IPUIPlugin
2024-10-03 21:30:39,531 [INFO] IPUIPlugin:74 - create IPUIPlugin
2024-10-03 21:30:39,531 [INFO] IPUIPlugin:74 - create IPUIPlugin
2024-10-03 21:30:39,531 [INFO] IPUIPlugin:74 - create IPUIPlugin
2024-10-03 21:30:39,531 [INFO] IPUIPlugin:74 - create IPUIPlugin
2024-10-03 21:30:39,531 [INFO] IPUIPlugin:74 - create IPUIPlugin
2024-10-03 21:30:39,531 [INFO] IPUIPlugin:74 - create IPUIPlugin
2024-10-03 21:30:39,531 [INFO] IPUIPlugin:74 - create IPUIPlugin
2024-10-03 21:30:39,531 [INFO] IPUIPlugin:74 - create IPUIPlugin
2024-10-03 21:30:39,532 [INFO] IPUIPlugin:74 - create IPUIPlugin
2024-10-03 21:30:39,532 [INFO] IPUIPlugin:74 - create IPUIPlugin
2024-10-03 21:30:39,532 [INFO] IPUIPlugin:74 - create IPUIPlugin
2024-10-03 21:30:39,532 [INFO] IPUIPlugin:74 - create IPUIPlugin
2024-10-03 21:30:39,533 [INFO] IPUIPlugin:74 - create IPUIPlugin
2024-10-03 21:30:39,533 [INFO] IPUIPlugin:74 - create IPUIPlugin
2024-10-03 21:30:39,533 [INFO] IPUIPlugin:74 - create IPUIPlugin
2024-10-03 21:30:39,533 [INFO] IPUIPlugin:74 - create IPUIPlugin
2024-10-03 21:30:39,534 [INFO] IPUIPlugin:74 - create IPUIPlugin
2024-10-03 21:30:39,534 [INFO] IPUIPlugin:74 - create IPUIPlugin
2024-10-03 21:30:39,534 [INFO] IPUIPlugin:74 - create IPUIPlugin
2024-10-03 21:30:39,534 [INFO] IPUIPlugin:74 - create IPUIPlugin
2024-10-03 21:30:39,535 [INFO] IPUIPlugin:74 - create IPUIPlugin
2024-10-03 21:30:39,638 [INFO] OpenFileManager:333 - Restore cursor
2024-10-03 21:30:39,855 [INFO] UtilMem:74 - End SaveConfig() Used Memory: 694465040 Bytes (794820608)
2024-10-03 21:30:39,904 [INFO] UtilMem:74 - End SaveConfig() Used Memory: 657334336 Bytes (794820608)
2024-10-03 21:30:40,164 [INFO] BlockDiagram:2740 - set Specific Code input for plugin: NVIC
2024-10-03 21:30:40,164 [INFO] BlockDiagram:2740 - set Specific Code input for plugin: SYS
2024-10-03 21:30:40,164 [INFO] BlockDiagram:2740 - set Specific Code input for plugin: RCC
2024-10-03 21:30:40,165 [INFO] CodeGenerator:663 - code generatio: config db path: C:\ST\STM32CubeIDE_1.7.0\STM32CubeIDE\plugins\com.st.stm32cube.common.mx_6.3.0.202107141111\\db\
2024-10-03 21:30:40,473 [INFO] CodeEngine:239 - oldGeneratedFile, C:\Users\TIEN DUY\Documents\VXLLAB2\SourceCode\LAB2\MXTmpFiles\license.tmp_save
2024-10-03 21:30:40,828 [INFO] CodeEngine:257 - Generated code: C:\Users\TIEN DUY\Documents\VXLLAB2\SourceCode\LAB2\MXTmpFiles\license.tmp
2024-10-03 21:30:40,919 [INFO] CodeEngine:239 - oldGeneratedFile, C:\Users\TIEN DUY\Documents\VXLLAB2\SourceCode\LAB2\Core\Src\stm32f1xx_it.c_save
2024-10-03 21:30:41,068 [INFO] CodeEngine:257 - Generated code: C:\Users\TIEN DUY\Documents\VXLLAB2\SourceCode\LAB2\Core\Src\stm32f1xx_it.c
2024-10-03 21:30:41,071 [INFO] CodeEngine:239 - oldGeneratedFile, C:\Users\TIEN DUY\Documents\VXLLAB2\SourceCode\LAB2\Core\Inc\stm32f1xx_it.h_save
2024-10-03 21:30:41,126 [INFO] CodeEngine:257 - Generated code: C:\Users\TIEN DUY\Documents\VXLLAB2\SourceCode\LAB2\Core\Inc\stm32f1xx_it.h
2024-10-03 21:30:41,131 [INFO] CodeEngine:239 - oldGeneratedFile, C:\Users\TIEN DUY\Documents\VXLLAB2\SourceCode\LAB2\Core\Src\stm32f1xx_hal_msp.c_save
2024-10-03 21:30:41,222 [INFO] CodeEngine:257 - Generated code: C:\Users\TIEN DUY\Documents\VXLLAB2\SourceCode\LAB2\Core\Src\stm32f1xx_hal_msp.c
2024-10-03 21:30:41,223 [INFO] CodeEngine:239 - oldGeneratedFile, C:\Users\TIEN DUY\Documents\VXLLAB2\SourceCode\LAB2\MXTmpFiles\system.tmp_save
2024-10-03 21:30:41,267 [INFO] CodeEngine:257 - Generated code: C:\Users\TIEN DUY\Documents\VXLLAB2\SourceCode\LAB2\MXTmpFiles\system.tmp
2024-10-03 21:30:41,272 [INFO] CodeEngine:239 - oldGeneratedFile, C:\Users\TIEN DUY\Documents\VXLLAB2\SourceCode\LAB2\Core\Inc\stm32f1xx_hal_conf.h_save
2024-10-03 21:30:41,335 [INFO] CodeEngine:257 - Generated code: C:\Users\TIEN DUY\Documents\VXLLAB2\SourceCode\LAB2\Core\Inc\stm32f1xx_hal_conf.h
2024-10-03 21:30:41,377 [INFO] CodeEngine:239 - oldGeneratedFile, C:\Users\TIEN DUY\Documents\VXLLAB2\SourceCode\LAB2\Core\Inc\main.h_save
2024-10-03 21:30:41,441 [INFO] CodeEngine:257 - Generated code: C:\Users\TIEN DUY\Documents\VXLLAB2\SourceCode\LAB2\Core\Inc\main.h
2024-10-03 21:30:41,445 [INFO] CodeEngine:239 - oldGeneratedFile, C:\Users\TIEN DUY\Documents\VXLLAB2\SourceCode\LAB2\Core\Src\main.c_save
2024-10-03 21:30:41,558 [INFO] CodeEngine:257 - Generated code: C:\Users\TIEN DUY\Documents\VXLLAB2\SourceCode\LAB2\Core\Src\main.c
2024-10-03 21:30:42,379 [INFO] ProjectBuilder:2578 - Time for Copy HAL[1] : 64mS.
2024-10-03 21:30:42,385 [INFO] ProjectBuilder:3622 - Project Generator version: 3.14.1
2024-10-03 21:30:42,849 [INFO] ConfigFileManager:1271 - The Die is : DIE412
2024-10-03 21:30:42,863 [INFO] ApiDbMcu:468 - Load IP Config File for FATFS
2024-10-03 21:30:42,886 [INFO] ApiDbMcu:468 - Load IP Config File for FREERTOS
2024-10-03 21:30:42,903 [INFO] ApiDbMcu:468 - Load IP Config File for USB_DEVICE
2024-10-03 21:30:45,398 [INFO] ProjectBuilder:3789 - Time for Generating toolchain IDE Files: 3013mS.
2024-10-03 21:30:45,400 [INFO] ProjectBuilder:2457 - Time for Copy CMSIS : 0mS.
2024-10-03 21:30:45,402 [INFO] ProjectBuilder:2457 - Time for Copy CMSIS : 0mS.
2024-10-03 21:30:46,538 [INFO] McuFinderGlobals:52 - Set McuFinderConnectedMode to true
2024-10-03 21:30:46,539 [INFO] ApiDb:276 - Save user favorites file C:\Users\TIEN DUY/.stm32cubeide/favorites.mcus.txt: 0 item(s)
2024-10-03 21:30:46,539 [INFO] ApiDb:280 - User favorites MCUs=[]
2024-10-03 21:31:03,634 [INFO] RetryExec:97 - I/O exception (org.apache.http.NoHttpResponseException) caught when processing request to {s}->https://sw-center.st.com:443: The target server failed to respond
2024-10-03 21:31:03,635 [INFO] RetryExec:113 - Retrying request to {s}->https://sw-center.st.com:443
